[0.076s] DEBUG:colcon:Command line arguments: ['/usr/bin/colcon', 'build']
[0.076s] DEBUG:colcon:Parsed command line arguments: Namespace(log_base=None, log_level=None, verb_name='build', build_base='build', install_base='install', merge_install=False, symlink_install=False, test_result_base=None, continue_on_error=False, executor='parallel', parallel_workers=8, event_handlers=None, ignore_user_meta=False, metas=['./colcon.meta'], base_paths=['.'], packages_ignore=None, packages_ignore_regex=None, paths=None, packages_up_to=None, packages_up_to_regex=None, packages_above=None, packages_above_and_dependencies=None, packages_above_depth=None, packages_select_by_dep=None, packages_skip_by_dep=None, packages_skip_up_to=None, packages_select_build_failed=False, packages_skip_build_finished=False, packages_select_test_failures=False, packages_skip_test_passed=False, packages_select=None, packages_skip=None, packages_select_regex=None, packages_skip_regex=None, packages_start=None, packages_end=None, allow_overriding=[], cmake_args=None, cmake_target=None, cmake_target_skip_unavailable=False, cmake_clean_cache=False, cmake_clean_first=False, cmake_force_configure=False, ament_cmake_args=None, catkin_cmake_args=None, catkin_skip_building_tests=False, mixin_files=None, mixin=None, verb_parser=<colcon_mixin.mixin.mixin_argument.MixinArgumentDecorator object at 0x72875c09f290>, verb_extension=<colcon_core.verb.build.BuildVerb object at 0x72875c09ef60>, main=<bound method BuildVerb.main of <colcon_core.verb.build.BuildVerb object at 0x72875c09ef60>>, mixin_verb=('build',))
[0.105s] Level 1:colcon.colcon_core.package_discovery:discover_packages(colcon_meta) check parameters
[0.105s] Level 1:colcon.colcon_core.package_discovery:discover_packages(recursive) check parameters
[0.105s] Level 1:colcon.colcon_core.package_discovery:discover_packages(ignore) check parameters
[0.105s] Level 1:colcon.colcon_core.package_discovery:discover_packages(path) check parameters
[0.105s] Level 1:colcon.colcon_core.package_discovery:discover_packages(colcon_meta) discover
[0.105s] Level 1:colcon.colcon_core.package_discovery:discover_packages(recursive) discover
[0.105s] INFO:colcon.colcon_core.package_discovery:Crawling recursively for packages in '/home/v120506/rmitbot_v4/lesson10_ws'
[0.105s] Level 1:colcon.colcon_core.package_identification:_identify(.) by extensions ['ignore', 'ignore_ament_install']
[0.105s] Level 1:colcon.colcon_core.package_identification:_identify(.) by extension 'ignore'
[0.105s] Level 1:colcon.colcon_core.package_identification:_identify(.) by extension 'ignore_ament_install'
[0.105s] Level 1:colcon.colcon_core.package_identification:_identify(.) by extensions ['colcon_pkg']
[0.105s] Level 1:colcon.colcon_core.package_identification:_identify(.) by extension 'colcon_pkg'
[0.105s] Level 1:colcon.colcon_core.package_identification:_identify(.) by extensions ['colcon_meta']
[0.105s] Level 1:colcon.colcon_core.package_identification:_identify(.) by extension 'colcon_meta'
[0.105s] Level 1:colcon.colcon_core.package_identification:_identify(.) by extensions ['ros']
[0.105s] Level 1:colcon.colcon_core.package_identification:_identify(.) by extension 'ros'
[0.124s] Level 1:colcon.colcon_core.package_identification:_identify(.) by extensions ['cmake', 'python']
[0.124s] Level 1:colcon.colcon_core.package_identification:_identify(.) by extension 'cmake'
[0.124s] Level 1:colcon.colcon_core.package_identification:_identify(.) by extension 'python'
[0.124s] Level 1:colcon.colcon_core.package_identification:_identify(.) by extensions ['python_setup_py']
[0.124s] Level 1:colcon.colcon_core.package_identification:_identify(.) by extension 'python_setup_py'
[0.124s] Level 1:colcon.colcon_core.package_identification:_identify(build) by extensions ['ignore', 'ignore_ament_install']
[0.124s] Level 1:colcon.colcon_core.package_identification:_identify(build) by extension 'ignore'
[0.124s] Level 1:colcon.colcon_core.package_identification:_identify(build) ignored
[0.124s] Level 1:colcon.colcon_core.package_identification:_identify(install) by extensions ['ignore', 'ignore_ament_install']
[0.124s] Level 1:colcon.colcon_core.package_identification:_identify(install) by extension 'ignore'
[0.124s] Level 1:colcon.colcon_core.package_identification:_identify(install) ignored
[0.124s] Level 1:colcon.colcon_core.package_identification:_identify(log) by extensions ['ignore', 'ignore_ament_install']
[0.124s] Level 1:colcon.colcon_core.package_identification:_identify(log) by extension 'ignore'
[0.124s] Level 1:colcon.colcon_core.package_identification:_identify(log) ignored
[0.124s] Level 1:colcon.colcon_core.package_identification:_identify(src) by extensions ['ignore', 'ignore_ament_install']
[0.125s] Level 1:colcon.colcon_core.package_identification:_identify(src) by extension 'ignore'
[0.125s] Level 1:colcon.colcon_core.package_identification:_identify(src) by extension 'ignore_ament_install'
[0.125s] Level 1:colcon.colcon_core.package_identification:_identify(src) by extensions ['colcon_pkg']
[0.125s] Level 1:colcon.colcon_core.package_identification:_identify(src) by extension 'colcon_pkg'
[0.125s] Level 1:colcon.colcon_core.package_identification:_identify(src) by extensions ['colcon_meta']
[0.125s] Level 1:colcon.colcon_core.package_identification:_identify(src) by extension 'colcon_meta'
[0.125s] Level 1:colcon.colcon_core.package_identification:_identify(src) by extensions ['ros']
[0.125s] Level 1:colcon.colcon_core.package_identification:_identify(src) by extension 'ros'
[0.125s] Level 1:colcon.colcon_core.package_identification:_identify(src) by extensions ['cmake', 'python']
[0.125s] Level 1:colcon.colcon_core.package_identification:_identify(src) by extension 'cmake'
[0.125s] Level 1:colcon.colcon_core.package_identification:_identify(src) by extension 'python'
[0.125s] Level 1:colcon.colcon_core.package_identification:_identify(src) by extensions ['python_setup_py']
[0.125s] Level 1:colcon.colcon_core.package_identification:_identify(src) by extension 'python_setup_py'
[0.125s] Level 1:colcon.colcon_core.package_identification:_identify(src/rmitbot_bringup) by extensions ['ignore', 'ignore_ament_install']
[0.125s] Level 1:colcon.colcon_core.package_identification:_identify(src/rmitbot_bringup) by extension 'ignore'
[0.125s] Level 1:colcon.colcon_core.package_identification:_identify(src/rmitbot_bringup) by extension 'ignore_ament_install'
[0.125s] Level 1:colcon.colcon_core.package_identification:_identify(src/rmitbot_bringup) by extensions ['colcon_pkg']
[0.125s] Level 1:colcon.colcon_core.package_identification:_identify(src/rmitbot_bringup) by extension 'colcon_pkg'
[0.125s] Level 1:colcon.colcon_core.package_identification:_identify(src/rmitbot_bringup) by extensions ['colcon_meta']
[0.125s] Level 1:colcon.colcon_core.package_identification:_identify(src/rmitbot_bringup) by extension 'colcon_meta'
[0.125s] Level 1:colcon.colcon_core.package_identification:_identify(src/rmitbot_bringup) by extensions ['ros']
[0.125s] Level 1:colcon.colcon_core.package_identification:_identify(src/rmitbot_bringup) by extension 'ros'
[0.127s] DEBUG:colcon.colcon_core.package_identification:Package 'src/rmitbot_bringup' with type 'ros.ament_cmake' and name 'rmitbot_bringup'
[0.127s] Level 1:colcon.colcon_core.package_identification:_identify(src/rmitbot_controller) by extensions ['ignore', 'ignore_ament_install']
[0.127s] Level 1:colcon.colcon_core.package_identification:_identify(src/rmitbot_controller) by extension 'ignore'
[0.127s] Level 1:colcon.colcon_core.package_identification:_identify(src/rmitbot_controller) by extension 'ignore_ament_install'
[0.127s] Level 1:colcon.colcon_core.package_identification:_identify(src/rmitbot_controller) by extensions ['colcon_pkg']
[0.127s] Level 1:colcon.colcon_core.package_identification:_identify(src/rmitbot_controller) by extension 'colcon_pkg'
[0.127s] Level 1:colcon.colcon_core.package_identification:_identify(src/rmitbot_controller) by extensions ['colcon_meta']
[0.127s] Level 1:colcon.colcon_core.package_identification:_identify(src/rmitbot_controller) by extension 'colcon_meta'
[0.127s] Level 1:colcon.colcon_core.package_identification:_identify(src/rmitbot_controller) by extensions ['ros']
[0.127s] Level 1:colcon.colcon_core.package_identification:_identify(src/rmitbot_controller) by extension 'ros'
[0.128s] DEBUG:colcon.colcon_core.package_identification:Package 'src/rmitbot_controller' with type 'ros.ament_cmake' and name 'rmitbot_controller'
[0.128s] Level 1:colcon.colcon_core.package_identification:_identify(src/rmitbot_description) by extensions ['ignore', 'ignore_ament_install']
[0.128s] Level 1:colcon.colcon_core.package_identification:_identify(src/rmitbot_description) by extension 'ignore'
[0.128s] Level 1:colcon.colcon_core.package_identification:_identify(src/rmitbot_description) by extension 'ignore_ament_install'
[0.128s] Level 1:colcon.colcon_core.package_identification:_identify(src/rmitbot_description) by extensions ['colcon_pkg']
[0.128s] Level 1:colcon.colcon_core.package_identification:_identify(src/rmitbot_description) by extension 'colcon_pkg'
[0.128s] Level 1:colcon.colcon_core.package_identification:_identify(src/rmitbot_description) by extensions ['colcon_meta']
[0.128s] Level 1:colcon.colcon_core.package_identification:_identify(src/rmitbot_description) by extension 'colcon_meta'
[0.128s] Level 1:colcon.colcon_core.package_identification:_identify(src/rmitbot_description) by extensions ['ros']
[0.128s] Level 1:colcon.colcon_core.package_identification:_identify(src/rmitbot_description) by extension 'ros'
[0.128s] DEBUG:colcon.colcon_core.package_identification:Package 'src/rmitbot_description' with type 'ros.ament_cmake' and name 'rmitbot_description'
[0.128s] Level 1:colcon.colcon_core.package_identification:_identify(src/rmitbot_firmware) by extensions ['ignore', 'ignore_ament_install']
[0.128s] Level 1:colcon.colcon_core.package_identification:_identify(src/rmitbot_firmware) by extension 'ignore'
[0.128s] Level 1:colcon.colcon_core.package_identification:_identify(src/rmitbot_firmware) by extension 'ignore_ament_install'
[0.128s] Level 1:colcon.colcon_core.package_identification:_identify(src/rmitbot_firmware) by extensions ['colcon_pkg']
[0.128s] Level 1:colcon.colcon_core.package_identification:_identify(src/rmitbot_firmware) by extension 'colcon_pkg'
[0.128s] Level 1:colcon.colcon_core.package_identification:_identify(src/rmitbot_firmware) by extensions ['colcon_meta']
[0.128s] Level 1:colcon.colcon_core.package_identification:_identify(src/rmitbot_firmware) by extension 'colcon_meta'
[0.129s] Level 1:colcon.colcon_core.package_identification:_identify(src/rmitbot_firmware) by extensions ['ros']
[0.129s] Level 1:colcon.colcon_core.package_identification:_identify(src/rmitbot_firmware) by extension 'ros'
[0.129s] DEBUG:colcon.colcon_core.package_identification:Package 'src/rmitbot_firmware' with type 'ros.ament_cmake' and name 'rmitbot_firmware'
[0.129s] Level 1:colcon.colcon_core.package_identification:_identify(src/rmitbot_localization) by extensions ['ignore', 'ignore_ament_install']
[0.129s] Level 1:colcon.colcon_core.package_identification:_identify(src/rmitbot_localization) by extension 'ignore'
[0.129s] Level 1:colcon.colcon_core.package_identification:_identify(src/rmitbot_localization) by extension 'ignore_ament_install'
[0.129s] Level 1:colcon.colcon_core.package_identification:_identify(src/rmitbot_localization) by extensions ['colcon_pkg']
[0.129s] Level 1:colcon.colcon_core.package_identification:_identify(src/rmitbot_localization) by extension 'colcon_pkg'
[0.129s] Level 1:colcon.colcon_core.package_identification:_identify(src/rmitbot_localization) by extensions ['colcon_meta']
[0.129s] Level 1:colcon.colcon_core.package_identification:_identify(src/rmitbot_localization) by extension 'colcon_meta'
[0.129s] Level 1:colcon.colcon_core.package_identification:_identify(src/rmitbot_localization) by extensions ['ros']
[0.129s] Level 1:colcon.colcon_core.package_identification:_identify(src/rmitbot_localization) by extension 'ros'
[0.130s] DEBUG:colcon.colcon_core.package_identification:Package 'src/rmitbot_localization' with type 'ros.ament_cmake' and name 'rmitbot_localization'
[0.130s] Level 1:colcon.colcon_core.package_identification:_identify(src/rmitbot_mapping) by extensions ['ignore', 'ignore_ament_install']
[0.130s] Level 1:colcon.colcon_core.package_identification:_identify(src/rmitbot_mapping) by extension 'ignore'
[0.130s] Level 1:colcon.colcon_core.package_identification:_identify(src/rmitbot_mapping) by extension 'ignore_ament_install'
[0.130s] Level 1:colcon.colcon_core.package_identification:_identify(src/rmitbot_mapping) by extensions ['colcon_pkg']
[0.130s] Level 1:colcon.colcon_core.package_identification:_identify(src/rmitbot_mapping) by extension 'colcon_pkg'
[0.130s] Level 1:colcon.colcon_core.package_identification:_identify(src/rmitbot_mapping) by extensions ['colcon_meta']
[0.130s] Level 1:colcon.colcon_core.package_identification:_identify(src/rmitbot_mapping) by extension 'colcon_meta'
[0.130s] Level 1:colcon.colcon_core.package_identification:_identify(src/rmitbot_mapping) by extensions ['ros']
[0.130s] Level 1:colcon.colcon_core.package_identification:_identify(src/rmitbot_mapping) by extension 'ros'
[0.130s] DEBUG:colcon.colcon_core.package_identification:Package 'src/rmitbot_mapping' with type 'ros.ament_cmake' and name 'rmitbot_mapping'
[0.130s] Level 1:colcon.colcon_core.package_identification:_identify(src/rmitbot_navigation) by extensions ['ignore', 'ignore_ament_install']
[0.130s] Level 1:colcon.colcon_core.package_identification:_identify(src/rmitbot_navigation) by extension 'ignore'
[0.130s] Level 1:colcon.colcon_core.package_identification:_identify(src/rmitbot_navigation) by extension 'ignore_ament_install'
[0.130s] Level 1:colcon.colcon_core.package_identification:_identify(src/rmitbot_navigation) by extensions ['colcon_pkg']
[0.130s] Level 1:colcon.colcon_core.package_identification:_identify(src/rmitbot_navigation) by extension 'colcon_pkg'
[0.131s] Level 1:colcon.colcon_core.package_identification:_identify(src/rmitbot_navigation) by extensions ['colcon_meta']
[0.131s] Level 1:colcon.colcon_core.package_identification:_identify(src/rmitbot_navigation) by extension 'colcon_meta'
[0.131s] Level 1:colcon.colcon_core.package_identification:_identify(src/rmitbot_navigation) by extensions ['ros']
[0.131s] Level 1:colcon.colcon_core.package_identification:_identify(src/rmitbot_navigation) by extension 'ros'
[0.131s] DEBUG:colcon.colcon_core.package_identification:Package 'src/rmitbot_navigation' with type 'ros.ament_cmake' and name 'rmitbot_navigation'
[0.131s] Level 1:colcon.colcon_core.package_discovery:discover_packages(recursive) using defaults
[0.131s] Level 1:colcon.colcon_core.package_discovery:discover_packages(ignore) discover
[0.131s] Level 1:colcon.colcon_core.package_discovery:discover_packages(ignore) using defaults
[0.131s] Level 1:colcon.colcon_core.package_discovery:discover_packages(path) discover
[0.131s] Level 1:colcon.colcon_core.package_discovery:discover_packages(path) using defaults
[0.144s] Level 1:colcon.colcon_core.package_discovery:discover_packages(prefix_path) check parameters
[0.144s] Level 1:colcon.colcon_core.package_discovery:discover_packages(prefix_path) discover
[0.147s] DEBUG:colcon.colcon_installed_package_information.package_discovery:Found 439 installed packages in /opt/ros/jazzy
[0.147s] Level 1:colcon.colcon_core.package_discovery:discover_packages(prefix_path) using defaults
[0.188s] Level 5:colcon.colcon_core.verb:set package 'rmitbot_bringup' build argument 'cmake_args' from command line to 'None'
[0.188s] Level 5:colcon.colcon_core.verb:set package 'rmitbot_bringup' build argument 'cmake_target' from command line to 'None'
[0.188s] Level 5:colcon.colcon_core.verb:set package 'rmitbot_bringup' build argument 'cmake_target_skip_unavailable' from command line to 'False'
[0.188s] Level 5:colcon.colcon_core.verb:set package 'rmitbot_bringup' build argument 'cmake_clean_cache' from command line to 'False'
[0.188s] Level 5:colcon.colcon_core.verb:set package 'rmitbot_bringup' build argument 'cmake_clean_first' from command line to 'False'
[0.188s] Level 5:colcon.colcon_core.verb:set package 'rmitbot_bringup' build argument 'cmake_force_configure' from command line to 'False'
[0.188s] Level 5:colcon.colcon_core.verb:set package 'rmitbot_bringup' build argument 'ament_cmake_args' from command line to 'None'
[0.188s] Level 5:colcon.colcon_core.verb:set package 'rmitbot_bringup' build argument 'catkin_cmake_args' from command line to 'None'
[0.188s] Level 5:colcon.colcon_core.verb:set package 'rmitbot_bringup' build argument 'catkin_skip_building_tests' from command line to 'False'
[0.188s] DEBUG:colcon.colcon_core.verb:Building package 'rmitbot_bringup' with the following arguments: {'ament_cmake_args': None, 'build_base': '/home/v120506/rmitbot_v4/lesson10_ws/build/rmitbot_bringup', 'catkin_cmake_args': None, 'catkin_skip_building_tests': False, 'cmake_args': None, 'cmake_clean_cache': False, 'cmake_clean_first': False, 'cmake_force_configure': False, 'cmake_target': None, 'cmake_target_skip_unavailable': False, 'install_base': '/home/v120506/rmitbot_v4/lesson10_ws/install/rmitbot_bringup', 'merge_install': False, 'path': '/home/v120506/rmitbot_v4/lesson10_ws/src/rmitbot_bringup', 'symlink_install': False, 'test_result_base': None}
[0.188s] Level 5:colcon.colcon_core.verb:set package 'rmitbot_controller' build argument 'cmake_args' from command line to 'None'
[0.188s] Level 5:colcon.colcon_core.verb:set package 'rmitbot_controller' build argument 'cmake_target' from command line to 'None'
[0.188s] Level 5:colcon.colcon_core.verb:set package 'rmitbot_controller' build argument 'cmake_target_skip_unavailable' from command line to 'False'
[0.188s] Level 5:colcon.colcon_core.verb:set package 'rmitbot_controller' build argument 'cmake_clean_cache' from command line to 'False'
[0.188s] Level 5:colcon.colcon_core.verb:set package 'rmitbot_controller' build argument 'cmake_clean_first' from command line to 'False'
[0.188s] Level 5:colcon.colcon_core.verb:set package 'rmitbot_controller' build argument 'cmake_force_configure' from command line to 'False'
[0.188s] Level 5:colcon.colcon_core.verb:set package 'rmitbot_controller' build argument 'ament_cmake_args' from command line to 'None'
[0.188s] Level 5:colcon.colcon_core.verb:set package 'rmitbot_controller' build argument 'catkin_cmake_args' from command line to 'None'
[0.188s] Level 5:colcon.colcon_core.verb:set package 'rmitbot_controller' build argument 'catkin_skip_building_tests' from command line to 'False'
[0.189s] DEBUG:colcon.colcon_core.verb:Building package 'rmitbot_controller' with the following arguments: {'ament_cmake_args': None, 'build_base': '/home/v120506/rmitbot_v4/lesson10_ws/build/rmitbot_controller', 'catkin_cmake_args': None, 'catkin_skip_building_tests': False, 'cmake_args': None, 'cmake_clean_cache': False, 'cmake_clean_first': False, 'cmake_force_configure': False, 'cmake_target': None, 'cmake_target_skip_unavailable': False, 'install_base': '/home/v120506/rmitbot_v4/lesson10_ws/install/rmitbot_controller', 'merge_install': False, 'path': '/home/v120506/rmitbot_v4/lesson10_ws/src/rmitbot_controller', 'symlink_install': False, 'test_result_base': None}
[0.189s] Level 5:colcon.colcon_core.verb:set package 'rmitbot_description' build argument 'cmake_args' from command line to 'None'
[0.189s] Level 5:colcon.colcon_core.verb:set package 'rmitbot_description' build argument 'cmake_target' from command line to 'None'
[0.189s] Level 5:colcon.colcon_core.verb:set package 'rmitbot_description' build argument 'cmake_target_skip_unavailable' from command line to 'False'
[0.189s] Level 5:colcon.colcon_core.verb:set package 'rmitbot_description' build argument 'cmake_clean_cache' from command line to 'False'
[0.189s] Level 5:colcon.colcon_core.verb:set package 'rmitbot_description' build argument 'cmake_clean_first' from command line to 'False'
[0.189s] Level 5:colcon.colcon_core.verb:set package 'rmitbot_description' build argument 'cmake_force_configure' from command line to 'False'
[0.189s] Level 5:colcon.colcon_core.verb:set package 'rmitbot_description' build argument 'ament_cmake_args' from command line to 'None'
[0.189s] Level 5:colcon.colcon_core.verb:set package 'rmitbot_description' build argument 'catkin_cmake_args' from command line to 'None'
[0.189s] Level 5:colcon.colcon_core.verb:set package 'rmitbot_description' build argument 'catkin_skip_building_tests' from command line to 'False'
[0.189s] DEBUG:colcon.colcon_core.verb:Building package 'rmitbot_description' with the following arguments: {'ament_cmake_args': None, 'build_base': '/home/v120506/rmitbot_v4/lesson10_ws/build/rmitbot_description', 'catkin_cmake_args': None, 'catkin_skip_building_tests': False, 'cmake_args': None, 'cmake_clean_cache': False, 'cmake_clean_first': False, 'cmake_force_configure': False, 'cmake_target': None, 'cmake_target_skip_unavailable': False, 'install_base': '/home/v120506/rmitbot_v4/lesson10_ws/install/rmitbot_description', 'merge_install': False, 'path': '/home/v120506/rmitbot_v4/lesson10_ws/src/rmitbot_description', 'symlink_install': False, 'test_result_base': None}
[0.189s] Level 5:colcon.colcon_core.verb:set package 'rmitbot_firmware' build argument 'cmake_args' from command line to 'None'
[0.189s] Level 5:colcon.colcon_core.verb:set package 'rmitbot_firmware' build argument 'cmake_target' from command line to 'None'
[0.189s] Level 5:colcon.colcon_core.verb:set package 'rmitbot_firmware' build argument 'cmake_target_skip_unavailable' from command line to 'False'
[0.189s] Level 5:colcon.colcon_core.verb:set package 'rmitbot_firmware' build argument 'cmake_clean_cache' from command line to 'False'
[0.189s] Level 5:colcon.colcon_core.verb:set package 'rmitbot_firmware' build argument 'cmake_clean_first' from command line to 'False'
[0.189s] Level 5:colcon.colcon_core.verb:set package 'rmitbot_firmware' build argument 'cmake_force_configure' from command line to 'False'
[0.189s] Level 5:colcon.colcon_core.verb:set package 'rmitbot_firmware' build argument 'ament_cmake_args' from command line to 'None'
[0.189s] Level 5:colcon.colcon_core.verb:set package 'rmitbot_firmware' build argument 'catkin_cmake_args' from command line to 'None'
[0.189s] Level 5:colcon.colcon_core.verb:set package 'rmitbot_firmware' build argument 'catkin_skip_building_tests' from command line to 'False'
[0.189s] DEBUG:colcon.colcon_core.verb:Building package 'rmitbot_firmware' with the following arguments: {'ament_cmake_args': None, 'build_base': '/home/v120506/rmitbot_v4/lesson10_ws/build/rmitbot_firmware', 'catkin_cmake_args': None, 'catkin_skip_building_tests': False, 'cmake_args': None, 'cmake_clean_cache': False, 'cmake_clean_first': False, 'cmake_force_configure': False, 'cmake_target': None, 'cmake_target_skip_unavailable': False, 'install_base': '/home/v120506/rmitbot_v4/lesson10_ws/install/rmitbot_firmware', 'merge_install': False, 'path': '/home/v120506/rmitbot_v4/lesson10_ws/src/rmitbot_firmware', 'symlink_install': False, 'test_result_base': None}
[0.189s] Level 5:colcon.colcon_core.verb:set package 'rmitbot_localization' build argument 'cmake_args' from command line to 'None'
[0.189s] Level 5:colcon.colcon_core.verb:set package 'rmitbot_localization' build argument 'cmake_target' from command line to 'None'
[0.189s] Level 5:colcon.colcon_core.verb:set package 'rmitbot_localization' build argument 'cmake_target_skip_unavailable' from command line to 'False'
[0.189s] Level 5:colcon.colcon_core.verb:set package 'rmitbot_localization' build argument 'cmake_clean_cache' from command line to 'False'
[0.189s] Level 5:colcon.colcon_core.verb:set package 'rmitbot_localization' build argument 'cmake_clean_first' from command line to 'False'
[0.189s] Level 5:colcon.colcon_core.verb:set package 'rmitbot_localization' build argument 'cmake_force_configure' from command line to 'False'
[0.189s] Level 5:colcon.colcon_core.verb:set package 'rmitbot_localization' build argument 'ament_cmake_args' from command line to 'None'
[0.189s] Level 5:colcon.colcon_core.verb:set package 'rmitbot_localization' build argument 'catkin_cmake_args' from command line to 'None'
[0.189s] Level 5:colcon.colcon_core.verb:set package 'rmitbot_localization' build argument 'catkin_skip_building_tests' from command line to 'False'
[0.189s] DEBUG:colcon.colcon_core.verb:Building package 'rmitbot_localization' with the following arguments: {'ament_cmake_args': None, 'build_base': '/home/v120506/rmitbot_v4/lesson10_ws/build/rmitbot_localization', 'catkin_cmake_args': None, 'catkin_skip_building_tests': False, 'cmake_args': None, 'cmake_clean_cache': False, 'cmake_clean_first': False, 'cmake_force_configure': False, 'cmake_target': None, 'cmake_target_skip_unavailable': False, 'install_base': '/home/v120506/rmitbot_v4/lesson10_ws/install/rmitbot_localization', 'merge_install': False, 'path': '/home/v120506/rmitbot_v4/lesson10_ws/src/rmitbot_localization', 'symlink_install': False, 'test_result_base': None}
[0.189s] Level 5:colcon.colcon_core.verb:set package 'rmitbot_mapping' build argument 'cmake_args' from command line to 'None'
[0.190s] Level 5:colcon.colcon_core.verb:set package 'rmitbot_mapping' build argument 'cmake_target' from command line to 'None'
[0.190s] Level 5:colcon.colcon_core.verb:set package 'rmitbot_mapping' build argument 'cmake_target_skip_unavailable' from command line to 'False'
[0.190s] Level 5:colcon.colcon_core.verb:set package 'rmitbot_mapping' build argument 'cmake_clean_cache' from command line to 'False'
[0.190s] Level 5:colcon.colcon_core.verb:set package 'rmitbot_mapping' build argument 'cmake_clean_first' from command line to 'False'
[0.190s] Level 5:colcon.colcon_core.verb:set package 'rmitbot_mapping' build argument 'cmake_force_configure' from command line to 'False'
[0.190s] Level 5:colcon.colcon_core.verb:set package 'rmitbot_mapping' build argument 'ament_cmake_args' from command line to 'None'
[0.190s] Level 5:colcon.colcon_core.verb:set package 'rmitbot_mapping' build argument 'catkin_cmake_args' from command line to 'None'
[0.190s] Level 5:colcon.colcon_core.verb:set package 'rmitbot_mapping' build argument 'catkin_skip_building_tests' from command line to 'False'
[0.190s] DEBUG:colcon.colcon_core.verb:Building package 'rmitbot_mapping' with the following arguments: {'ament_cmake_args': None, 'build_base': '/home/v120506/rmitbot_v4/lesson10_ws/build/rmitbot_mapping', 'catkin_cmake_args': None, 'catkin_skip_building_tests': False, 'cmake_args': None, 'cmake_clean_cache': False, 'cmake_clean_first': False, 'cmake_force_configure': False, 'cmake_target': None, 'cmake_target_skip_unavailable': False, 'install_base': '/home/v120506/rmitbot_v4/lesson10_ws/install/rmitbot_mapping', 'merge_install': False, 'path': '/home/v120506/rmitbot_v4/lesson10_ws/src/rmitbot_mapping', 'symlink_install': False, 'test_result_base': None}
[0.190s] Level 5:colcon.colcon_core.verb:set package 'rmitbot_navigation' build argument 'cmake_args' from command line to 'None'
[0.190s] Level 5:colcon.colcon_core.verb:set package 'rmitbot_navigation' build argument 'cmake_target' from command line to 'None'
[0.190s] Level 5:colcon.colcon_core.verb:set package 'rmitbot_navigation' build argument 'cmake_target_skip_unavailable' from command line to 'False'
[0.190s] Level 5:colcon.colcon_core.verb:set package 'rmitbot_navigation' build argument 'cmake_clean_cache' from command line to 'False'
[0.190s] Level 5:colcon.colcon_core.verb:set package 'rmitbot_navigation' build argument 'cmake_clean_first' from command line to 'False'
[0.190s] Level 5:colcon.colcon_core.verb:set package 'rmitbot_navigation' build argument 'cmake_force_configure' from command line to 'False'
[0.190s] Level 5:colcon.colcon_core.verb:set package 'rmitbot_navigation' build argument 'ament_cmake_args' from command line to 'None'
[0.190s] Level 5:colcon.colcon_core.verb:set package 'rmitbot_navigation' build argument 'catkin_cmake_args' from command line to 'None'
[0.190s] Level 5:colcon.colcon_core.verb:set package 'rmitbot_navigation' build argument 'catkin_skip_building_tests' from command line to 'False'
[0.190s] DEBUG:colcon.colcon_core.verb:Building package 'rmitbot_navigation' with the following arguments: {'ament_cmake_args': None, 'build_base': '/home/v120506/rmitbot_v4/lesson10_ws/build/rmitbot_navigation', 'catkin_cmake_args': None, 'catkin_skip_building_tests': False, 'cmake_args': None, 'cmake_clean_cache': False, 'cmake_clean_first': False, 'cmake_force_configure': False, 'cmake_target': None, 'cmake_target_skip_unavailable': False, 'install_base': '/home/v120506/rmitbot_v4/lesson10_ws/install/rmitbot_navigation', 'merge_install': False, 'path': '/home/v120506/rmitbot_v4/lesson10_ws/src/rmitbot_navigation', 'symlink_install': False, 'test_result_base': None}
[0.190s] INFO:colcon.colcon_core.executor:Executing jobs using 'parallel' executor
[0.191s] DEBUG:colcon.colcon_parallel_executor.executor.parallel:run_until_complete
[0.191s] INFO:colcon.colcon_ros.task.ament_cmake.build:Building ROS package in '/home/v120506/rmitbot_v4/lesson10_ws/src/rmitbot_bringup' with build type 'ament_cmake'
[0.191s] INFO:colcon.colcon_cmake.task.cmake.build:Building CMake package in '/home/v120506/rmitbot_v4/lesson10_ws/src/rmitbot_bringup'
[0.193s] INFO:colcon.colcon_core.plugin_system:Skipping extension 'colcon_core.shell.bat': Not used on non-Windows systems
[0.193s] INFO:colcon.colcon_core.shell:Skip shell extension 'powershell' for command environment: Not usable outside of PowerShell
[0.193s] DEBUG:colcon.colcon_core.shell:Skip shell extension 'dsv' for command environment
[0.196s] INFO:colcon.colcon_ros.task.ament_cmake.build:Building ROS package in '/home/v120506/rmitbot_v4/lesson10_ws/src/rmitbot_controller' with build type 'ament_cmake'
[0.196s] INFO:colcon.colcon_cmake.task.cmake.build:Building CMake package in '/home/v120506/rmitbot_v4/lesson10_ws/src/rmitbot_controller'
[0.196s] INFO:colcon.colcon_core.shell:Skip shell extension 'powershell' for command environment: Not usable outside of PowerShell
[0.196s] DEBUG:colcon.colcon_core.shell:Skip shell extension 'dsv' for command environment
[0.199s] INFO:colcon.colcon_ros.task.ament_cmake.build:Building ROS package in '/home/v120506/rmitbot_v4/lesson10_ws/src/rmitbot_description' with build type 'ament_cmake'
[0.199s] INFO:colcon.colcon_cmake.task.cmake.build:Building CMake package in '/home/v120506/rmitbot_v4/lesson10_ws/src/rmitbot_description'
[0.199s] INFO:colcon.colcon_core.shell:Skip shell extension 'powershell' for command environment: Not usable outside of PowerShell
[0.199s] DEBUG:colcon.colcon_core.shell:Skip shell extension 'dsv' for command environment
[0.201s] INFO:colcon.colcon_ros.task.ament_cmake.build:Building ROS package in '/home/v120506/rmitbot_v4/lesson10_ws/src/rmitbot_firmware' with build type 'ament_cmake'
[0.201s] INFO:colcon.colcon_cmake.task.cmake.build:Building CMake package in '/home/v120506/rmitbot_v4/lesson10_ws/src/rmitbot_firmware'
[0.202s] INFO:colcon.colcon_core.shell:Skip shell extension 'powershell' for command environment: Not usable outside of PowerShell
[0.202s] DEBUG:colcon.colcon_core.shell:Skip shell extension 'dsv' for command environment
[0.204s] INFO:colcon.colcon_ros.task.ament_cmake.build:Building ROS package in '/home/v120506/rmitbot_v4/lesson10_ws/src/rmitbot_localization' with build type 'ament_cmake'
[0.204s] INFO:colcon.colcon_cmake.task.cmake.build:Building CMake package in '/home/v120506/rmitbot_v4/lesson10_ws/src/rmitbot_localization'
[0.204s] INFO:colcon.colcon_core.shell:Skip shell extension 'powershell' for command environment: Not usable outside of PowerShell
[0.204s] DEBUG:colcon.colcon_core.shell:Skip shell extension 'dsv' for command environment
[0.206s] INFO:colcon.colcon_ros.task.ament_cmake.build:Building ROS package in '/home/v120506/rmitbot_v4/lesson10_ws/src/rmitbot_mapping' with build type 'ament_cmake'
[0.206s] INFO:colcon.colcon_cmake.task.cmake.build:Building CMake package in '/home/v120506/rmitbot_v4/lesson10_ws/src/rmitbot_mapping'
[0.206s] INFO:colcon.colcon_core.shell:Skip shell extension 'powershell' for command environment: Not usable outside of PowerShell
[0.206s] DEBUG:colcon.colcon_core.shell:Skip shell extension 'dsv' for command environment
[0.209s] INFO:colcon.colcon_ros.task.ament_cmake.build:Building ROS package in '/home/v120506/rmitbot_v4/lesson10_ws/src/rmitbot_navigation' with build type 'ament_cmake'
[0.209s] INFO:colcon.colcon_cmake.task.cmake.build:Building CMake package in '/home/v120506/rmitbot_v4/lesson10_ws/src/rmitbot_navigation'
[0.209s] INFO:colcon.colcon_core.shell:Skip shell extension 'powershell' for command environment: Not usable outside of PowerShell
[0.209s] DEBUG:colcon.colcon_core.shell:Skip shell extension 'dsv' for command environment
[0.216s] DEBUG:colcon.colcon_core.event_handler.log_command:Invoking command in '/home/v120506/rmitbot_v4/lesson10_ws/build/rmitbot_bringup': CMAKE_PREFIX_PATH=${CMAKE_PREFIX_PATH}:/opt/ros/jazzy DEBUGINFOD_URLS=https://debuginfod.ubuntu.com /usr/bin/cmake /home/v120506/rmitbot_v4/lesson10_ws/src/rmitbot_bringup -DCMAKE_INSTALL_PREFIX=/home/v120506/rmitbot_v4/lesson10_ws/install/rmitbot_bringup
[0.219s] DEBUG:colcon.colcon_core.event_handler.log_command:Invoking command in '/home/v120506/rmitbot_v4/lesson10_ws/build/rmitbot_controller': CMAKE_PREFIX_PATH=${CMAKE_PREFIX_PATH}:/opt/ros/jazzy DEBUGINFOD_URLS=https://debuginfod.ubuntu.com /usr/bin/cmake /home/v120506/rmitbot_v4/lesson10_ws/src/rmitbot_controller -DCMAKE_INSTALL_PREFIX=/home/v120506/rmitbot_v4/lesson10_ws/install/rmitbot_controller
[0.220s] DEBUG:colcon.colcon_core.event_handler.log_command:Invoking command in '/home/v120506/rmitbot_v4/lesson10_ws/build/rmitbot_description': CMAKE_PREFIX_PATH=${CMAKE_PREFIX_PATH}:/opt/ros/jazzy DEBUGINFOD_URLS=https://debuginfod.ubuntu.com /usr/bin/cmake /home/v120506/rmitbot_v4/lesson10_ws/src/rmitbot_description -DCMAKE_INSTALL_PREFIX=/home/v120506/rmitbot_v4/lesson10_ws/install/rmitbot_description
[0.222s] DEBUG:colcon.colcon_core.event_handler.log_command:Invoking command in '/home/v120506/rmitbot_v4/lesson10_ws/build/rmitbot_firmware': CMAKE_PREFIX_PATH=${CMAKE_PREFIX_PATH}:/opt/ros/jazzy DEBUGINFOD_URLS=https://debuginfod.ubuntu.com /usr/bin/cmake /home/v120506/rmitbot_v4/lesson10_ws/src/rmitbot_firmware -DCMAKE_INSTALL_PREFIX=/home/v120506/rmitbot_v4/lesson10_ws/install/rmitbot_firmware
[0.224s] DEBUG:colcon.colcon_core.event_handler.log_command:Invoking command in '/home/v120506/rmitbot_v4/lesson10_ws/build/rmitbot_localization': CMAKE_PREFIX_PATH=${CMAKE_PREFIX_PATH}:/opt/ros/jazzy DEBUGINFOD_URLS=https://debuginfod.ubuntu.com /usr/bin/cmake /home/v120506/rmitbot_v4/lesson10_ws/src/rmitbot_localization -DCMAKE_INSTALL_PREFIX=/home/v120506/rmitbot_v4/lesson10_ws/install/rmitbot_localization
[0.228s] DEBUG:colcon.colcon_core.event_handler.log_command:Invoking command in '/home/v120506/rmitbot_v4/lesson10_ws/build/rmitbot_mapping': CMAKE_PREFIX_PATH=${CMAKE_PREFIX_PATH}:/opt/ros/jazzy DEBUGINFOD_URLS=https://debuginfod.ubuntu.com /usr/bin/cmake /home/v120506/rmitbot_v4/lesson10_ws/src/rmitbot_mapping -DCMAKE_INSTALL_PREFIX=/home/v120506/rmitbot_v4/lesson10_ws/install/rmitbot_mapping
[0.230s] DEBUG:colcon.colcon_core.event_handler.log_command:Invoking command in '/home/v120506/rmitbot_v4/lesson10_ws/build/rmitbot_navigation': CMAKE_PREFIX_PATH=${CMAKE_PREFIX_PATH}:/opt/ros/jazzy DEBUGINFOD_URLS=https://debuginfod.ubuntu.com /usr/bin/cmake /home/v120506/rmitbot_v4/lesson10_ws/src/rmitbot_navigation -DCMAKE_INSTALL_PREFIX=/home/v120506/rmitbot_v4/lesson10_ws/install/rmitbot_navigation
[1.523s] DEBUG:colcon.colcon_core.event_handler.log_command:Invoked command in '/home/v120506/rmitbot_v4/lesson10_ws/build/rmitbot_navigation' returned '0': CMAKE_PREFIX_PATH=${CMAKE_PREFIX_PATH}:/opt/ros/jazzy DEBUGINFOD_URLS=https://debuginfod.ubuntu.com /usr/bin/cmake /home/v120506/rmitbot_v4/lesson10_ws/src/rmitbot_navigation -DCMAKE_INSTALL_PREFIX=/home/v120506/rmitbot_v4/lesson10_ws/install/rmitbot_navigation
[1.524s] DEBUG:colcon.colcon_core.event_handler.log_command:Invoking command in '/home/v120506/rmitbot_v4/lesson10_ws/build/rmitbot_navigation': CMAKE_PREFIX_PATH=${CMAKE_PREFIX_PATH}:/opt/ros/jazzy DEBUGINFOD_URLS=https://debuginfod.ubuntu.com /usr/bin/cmake --build /home/v120506/rmitbot_v4/lesson10_ws/build/rmitbot_navigation -- -j8 -l8
[1.525s] DEBUG:colcon.colcon_core.event_handler.log_command:Invoked command in '/home/v120506/rmitbot_v4/lesson10_ws/build/rmitbot_controller' returned '0': CMAKE_PREFIX_PATH=${CMAKE_PREFIX_PATH}:/opt/ros/jazzy DEBUGINFOD_URLS=https://debuginfod.ubuntu.com /usr/bin/cmake /home/v120506/rmitbot_v4/lesson10_ws/src/rmitbot_controller -DCMAKE_INSTALL_PREFIX=/home/v120506/rmitbot_v4/lesson10_ws/install/rmitbot_controller
[1.526s] DEBUG:colcon.colcon_core.event_handler.log_command:Invoking command in '/home/v120506/rmitbot_v4/lesson10_ws/build/rmitbot_controller': CMAKE_PREFIX_PATH=${CMAKE_PREFIX_PATH}:/opt/ros/jazzy DEBUGINFOD_URLS=https://debuginfod.ubuntu.com /usr/bin/cmake --build /home/v120506/rmitbot_v4/lesson10_ws/build/rmitbot_controller -- -j8 -l8
[1.535s] DEBUG:colcon.colcon_core.event_handler.log_command:Invoked command in '/home/v120506/rmitbot_v4/lesson10_ws/build/rmitbot_mapping' returned '0': CMAKE_PREFIX_PATH=${CMAKE_PREFIX_PATH}:/opt/ros/jazzy DEBUGINFOD_URLS=https://debuginfod.ubuntu.com /usr/bin/cmake /home/v120506/rmitbot_v4/lesson10_ws/src/rmitbot_mapping -DCMAKE_INSTALL_PREFIX=/home/v120506/rmitbot_v4/lesson10_ws/install/rmitbot_mapping
[1.535s] DEBUG:colcon.colcon_core.event_handler.log_command:Invoking command in '/home/v120506/rmitbot_v4/lesson10_ws/build/rmitbot_mapping': CMAKE_PREFIX_PATH=${CMAKE_PREFIX_PATH}:/opt/ros/jazzy DEBUGINFOD_URLS=https://debuginfod.ubuntu.com /usr/bin/cmake --build /home/v120506/rmitbot_v4/lesson10_ws/build/rmitbot_mapping -- -j8 -l8
[1.537s] DEBUG:colcon.colcon_core.event_handler.log_command:Invoked command in '/home/v120506/rmitbot_v4/lesson10_ws/build/rmitbot_description' returned '0': CMAKE_PREFIX_PATH=${CMAKE_PREFIX_PATH}:/opt/ros/jazzy DEBUGINFOD_URLS=https://debuginfod.ubuntu.com /usr/bin/cmake /home/v120506/rmitbot_v4/lesson10_ws/src/rmitbot_description -DCMAKE_INSTALL_PREFIX=/home/v120506/rmitbot_v4/lesson10_ws/install/rmitbot_description
[1.538s] DEBUG:colcon.colcon_core.event_handler.log_command:Invoking command in '/home/v120506/rmitbot_v4/lesson10_ws/build/rmitbot_description': CMAKE_PREFIX_PATH=${CMAKE_PREFIX_PATH}:/opt/ros/jazzy DEBUGINFOD_URLS=https://debuginfod.ubuntu.com /usr/bin/cmake --build /home/v120506/rmitbot_v4/lesson10_ws/build/rmitbot_description -- -j8 -l8
[1.542s] DEBUG:colcon.colcon_core.event_handler.log_command:Invoked command in '/home/v120506/rmitbot_v4/lesson10_ws/build/rmitbot_bringup' returned '0': CMAKE_PREFIX_PATH=${CMAKE_PREFIX_PATH}:/opt/ros/jazzy DEBUGINFOD_URLS=https://debuginfod.ubuntu.com /usr/bin/cmake /home/v120506/rmitbot_v4/lesson10_ws/src/rmitbot_bringup -DCMAKE_INSTALL_PREFIX=/home/v120506/rmitbot_v4/lesson10_ws/install/rmitbot_bringup
[1.548s] DEBUG:colcon.colcon_core.event_handler.log_command:Invoking command in '/home/v120506/rmitbot_v4/lesson10_ws/build/rmitbot_bringup': CMAKE_PREFIX_PATH=${CMAKE_PREFIX_PATH}:/opt/ros/jazzy DEBUGINFOD_URLS=https://debuginfod.ubuntu.com /usr/bin/cmake --build /home/v120506/rmitbot_v4/lesson10_ws/build/rmitbot_bringup -- -j8 -l8
[1.592s] DEBUG:colcon.colcon_core.event_handler.log_command:Invoked command in '/home/v120506/rmitbot_v4/lesson10_ws/build/rmitbot_navigation' returned '0': CMAKE_PREFIX_PATH=${CMAKE_PREFIX_PATH}:/opt/ros/jazzy DEBUGINFOD_URLS=https://debuginfod.ubuntu.com /usr/bin/cmake --build /home/v120506/rmitbot_v4/lesson10_ws/build/rmitbot_navigation -- -j8 -l8
[1.607s] DEBUG:colcon.colcon_core.event_handler.log_command:Invoking command in '/home/v120506/rmitbot_v4/lesson10_ws/build/rmitbot_navigation': CMAKE_PREFIX_PATH=${CMAKE_PREFIX_PATH}:/opt/ros/jazzy DEBUGINFOD_URLS=https://debuginfod.ubuntu.com /usr/bin/cmake --install /home/v120506/rmitbot_v4/lesson10_ws/build/rmitbot_navigation
[1.611s] DEBUG:colcon.colcon_core.event_handler.log_command:Invoked command in '/home/v120506/rmitbot_v4/lesson10_ws/build/rmitbot_controller' returned '0': CMAKE_PREFIX_PATH=${CMAKE_PREFIX_PATH}:/opt/ros/jazzy DEBUGINFOD_URLS=https://debuginfod.ubuntu.com /usr/bin/cmake --build /home/v120506/rmitbot_v4/lesson10_ws/build/rmitbot_controller -- -j8 -l8
[1.611s] DEBUG:colcon.colcon_core.event_handler.log_command:Invoking command in '/home/v120506/rmitbot_v4/lesson10_ws/build/rmitbot_controller': CMAKE_PREFIX_PATH=${CMAKE_PREFIX_PATH}:/opt/ros/jazzy DEBUGINFOD_URLS=https://debuginfod.ubuntu.com /usr/bin/cmake --install /home/v120506/rmitbot_v4/lesson10_ws/build/rmitbot_controller
[1.616s] DEBUG:colcon.colcon_core.event_handler.log_command:Invoked command in '/home/v120506/rmitbot_v4/lesson10_ws/build/rmitbot_mapping' returned '0': CMAKE_PREFIX_PATH=${CMAKE_PREFIX_PATH}:/opt/ros/jazzy DEBUGINFOD_URLS=https://debuginfod.ubuntu.com /usr/bin/cmake --build /home/v120506/rmitbot_v4/lesson10_ws/build/rmitbot_mapping -- -j8 -l8
[1.617s] DEBUG:colcon.colcon_core.event_handler.log_command:Invoking command in '/home/v120506/rmitbot_v4/lesson10_ws/build/rmitbot_mapping': CMAKE_PREFIX_PATH=${CMAKE_PREFIX_PATH}:/opt/ros/jazzy DEBUGINFOD_URLS=https://debuginfod.ubuntu.com /usr/bin/cmake --install /home/v120506/rmitbot_v4/lesson10_ws/build/rmitbot_mapping
[1.629s] DEBUG:colcon.colcon_core.event_handler.log_command:Invoked command in '/home/v120506/rmitbot_v4/lesson10_ws/build/rmitbot_description' returned '0': CMAKE_PREFIX_PATH=${CMAKE_PREFIX_PATH}:/opt/ros/jazzy DEBUGINFOD_URLS=https://debuginfod.ubuntu.com /usr/bin/cmake --build /home/v120506/rmitbot_v4/lesson10_ws/build/rmitbot_description -- -j8 -l8
[1.630s] DEBUG:colcon.colcon_core.event_handler.log_command:Invoking command in '/home/v120506/rmitbot_v4/lesson10_ws/build/rmitbot_description': CMAKE_PREFIX_PATH=${CMAKE_PREFIX_PATH}:/opt/ros/jazzy DEBUGINFOD_URLS=https://debuginfod.ubuntu.com /usr/bin/cmake --install /home/v120506/rmitbot_v4/lesson10_ws/build/rmitbot_description
[1.631s] DEBUG:colcon.colcon_core.event_handler.log_command:Invoked command in '/home/v120506/rmitbot_v4/lesson10_ws/build/rmitbot_bringup' returned '0': CMAKE_PREFIX_PATH=${CMAKE_PREFIX_PATH}:/opt/ros/jazzy DEBUGINFOD_URLS=https://debuginfod.ubuntu.com /usr/bin/cmake --build /home/v120506/rmitbot_v4/lesson10_ws/build/rmitbot_bringup -- -j8 -l8
[1.635s] DEBUG:colcon.colcon_core.event_handler.log_command:Invoking command in '/home/v120506/rmitbot_v4/lesson10_ws/build/rmitbot_bringup': CMAKE_PREFIX_PATH=${CMAKE_PREFIX_PATH}:/opt/ros/jazzy DEBUGINFOD_URLS=https://debuginfod.ubuntu.com /usr/bin/cmake --install /home/v120506/rmitbot_v4/lesson10_ws/build/rmitbot_bringup
[1.636s] Level 1:colcon.colcon_core.environment:create_environment_scripts_only(rmitbot_controller)
[1.642s] DEBUG:colcon.colcon_core.event_handler.log_command:Invoked command in '/home/v120506/rmitbot_v4/lesson10_ws/build/rmitbot_controller' returned '0': CMAKE_PREFIX_PATH=${CMAKE_PREFIX_PATH}:/opt/ros/jazzy DEBUGINFOD_URLS=https://debuginfod.ubuntu.com /usr/bin/cmake --install /home/v120506/rmitbot_v4/lesson10_ws/build/rmitbot_controller
[1.654s] Level 1:colcon.colcon_core.environment:checking '/home/v120506/rmitbot_v4/lesson10_ws/install/rmitbot_controller' for CMake module files
[1.658s] Level 1:colcon.colcon_core.environment:checking '/home/v120506/rmitbot_v4/lesson10_ws/install/rmitbot_controller' for CMake config files
[1.658s] Level 1:colcon.colcon_core.shell:create_environment_hook('rmitbot_controller', 'cmake_prefix_path')
[1.659s] INFO:colcon.colcon_core.shell:Creating environment hook '/home/v120506/rmitbot_v4/lesson10_ws/install/rmitbot_controller/share/rmitbot_controller/hook/cmake_prefix_path.ps1'
[1.661s] INFO:colcon.colcon_core.shell:Creating environment descriptor '/home/v120506/rmitbot_v4/lesson10_ws/install/rmitbot_controller/share/rmitbot_controller/hook/cmake_prefix_path.dsv'
[1.662s] INFO:colcon.colcon_core.shell:Creating environment hook '/home/v120506/rmitbot_v4/lesson10_ws/install/rmitbot_controller/share/rmitbot_controller/hook/cmake_prefix_path.sh'
[1.665s] Level 1:colcon.colcon_core.environment:checking '/home/v120506/rmitbot_v4/lesson10_ws/install/rmitbot_controller/bin'
[1.666s] Level 1:colcon.colcon_core.environment:checking '/home/v120506/rmitbot_v4/lesson10_ws/install/rmitbot_controller/lib/pkgconfig/rmitbot_controller.pc'
[1.668s] Level 1:colcon.colcon_core.environment:checking '/home/v120506/rmitbot_v4/lesson10_ws/install/rmitbot_controller/lib/python3.12/site-packages'
[1.669s] Level 1:colcon.colcon_core.environment:checking '/home/v120506/rmitbot_v4/lesson10_ws/install/rmitbot_controller/bin'
[1.669s] INFO:colcon.colcon_core.shell:Creating package script '/home/v120506/rmitbot_v4/lesson10_ws/install/rmitbot_controller/share/rmitbot_controller/package.ps1'
[1.672s] INFO:colcon.colcon_core.shell:Creating package descriptor '/home/v120506/rmitbot_v4/lesson10_ws/install/rmitbot_controller/share/rmitbot_controller/package.dsv'
[1.672s] INFO:colcon.colcon_core.shell:Creating package script '/home/v120506/rmitbot_v4/lesson10_ws/install/rmitbot_controller/share/rmitbot_controller/package.sh'
[1.673s] INFO:colcon.colcon_core.shell:Creating package script '/home/v120506/rmitbot_v4/lesson10_ws/install/rmitbot_controller/share/rmitbot_controller/package.bash'
[1.674s] INFO:colcon.colcon_core.shell:Creating package script '/home/v120506/rmitbot_v4/lesson10_ws/install/rmitbot_controller/share/rmitbot_controller/package.zsh'
[1.675s] Level 1:colcon.colcon_core.environment:create_file_with_runtime_dependencies(/home/v120506/rmitbot_v4/lesson10_ws/install/rmitbot_controller/share/colcon-core/packages/rmitbot_controller)
[1.676s] Level 1:colcon.colcon_core.environment:create_environment_scripts_only(rmitbot_controller)
[1.676s] Level 1:colcon.colcon_core.environment:checking '/home/v120506/rmitbot_v4/lesson10_ws/install/rmitbot_controller' for CMake module files
[1.677s] Level 1:colcon.colcon_core.environment:checking '/home/v120506/rmitbot_v4/lesson10_ws/install/rmitbot_controller' for CMake config files
[1.677s] Level 1:colcon.colcon_core.shell:create_environment_hook('rmitbot_controller', 'cmake_prefix_path')
[1.677s] INFO:colcon.colcon_core.shell:Creating environment hook '/home/v120506/rmitbot_v4/lesson10_ws/install/rmitbot_controller/share/rmitbot_controller/hook/cmake_prefix_path.ps1'
[1.678s] INFO:colcon.colcon_core.shell:Creating environment descriptor '/home/v120506/rmitbot_v4/lesson10_ws/install/rmitbot_controller/share/rmitbot_controller/hook/cmake_prefix_path.dsv'
[1.679s] INFO:colcon.colcon_core.shell:Creating environment hook '/home/v120506/rmitbot_v4/lesson10_ws/install/rmitbot_controller/share/rmitbot_controller/hook/cmake_prefix_path.sh'
[1.679s] Level 1:colcon.colcon_core.environment:checking '/home/v120506/rmitbot_v4/lesson10_ws/install/rmitbot_controller/bin'
[1.680s] Level 1:colcon.colcon_core.environment:checking '/home/v120506/rmitbot_v4/lesson10_ws/install/rmitbot_controller/lib/pkgconfig/rmitbot_controller.pc'
[1.680s] Level 1:colcon.colcon_core.environment:checking '/home/v120506/rmitbot_v4/lesson10_ws/install/rmitbot_controller/lib/python3.12/site-packages'
[1.680s] Level 1:colcon.colcon_core.environment:checking '/home/v120506/rmitbot_v4/lesson10_ws/install/rmitbot_controller/bin'
[1.681s] INFO:colcon.colcon_core.shell:Creating package script '/home/v120506/rmitbot_v4/lesson10_ws/install/rmitbot_controller/share/rmitbot_controller/package.ps1'
[1.681s] INFO:colcon.colcon_core.shell:Creating package descriptor '/home/v120506/rmitbot_v4/lesson10_ws/install/rmitbot_controller/share/rmitbot_controller/package.dsv'
[1.682s] INFO:colcon.colcon_core.shell:Creating package script '/home/v120506/rmitbot_v4/lesson10_ws/install/rmitbot_controller/share/rmitbot_controller/package.sh'
[1.683s] INFO:colcon.colcon_core.shell:Creating package script '/home/v120506/rmitbot_v4/lesson10_ws/install/rmitbot_controller/share/rmitbot_controller/package.bash'
[1.684s] INFO:colcon.colcon_core.shell:Creating package script '/home/v120506/rmitbot_v4/lesson10_ws/install/rmitbot_controller/share/rmitbot_controller/package.zsh'
[1.685s] Level 1:colcon.colcon_core.environment:create_file_with_runtime_dependencies(/home/v120506/rmitbot_v4/lesson10_ws/install/rmitbot_controller/share/colcon-core/packages/rmitbot_controller)
[1.687s] Level 1:colcon.colcon_core.environment:create_environment_scripts_only(rmitbot_navigation)
[1.687s] Level 1:colcon.colcon_core.environment:checking '/home/v120506/rmitbot_v4/lesson10_ws/install/rmitbot_navigation' for CMake module files
[1.689s] Level 1:colcon.colcon_core.environment:checking '/home/v120506/rmitbot_v4/lesson10_ws/install/rmitbot_navigation' for CMake config files
[1.689s] Level 1:colcon.colcon_core.shell:create_environment_hook('rmitbot_navigation', 'cmake_prefix_path')
[1.689s] INFO:colcon.colcon_core.shell:Creating environment hook '/home/v120506/rmitbot_v4/lesson10_ws/install/rmitbot_navigation/share/rmitbot_navigation/hook/cmake_prefix_path.ps1'
[1.690s] INFO:colcon.colcon_core.shell:Creating environment descriptor '/home/v120506/rmitbot_v4/lesson10_ws/install/rmitbot_navigation/share/rmitbot_navigation/hook/cmake_prefix_path.dsv'
[1.690s] INFO:colcon.colcon_core.shell:Creating environment hook '/home/v120506/rmitbot_v4/lesson10_ws/install/rmitbot_navigation/share/rmitbot_navigation/hook/cmake_prefix_path.sh'
[1.688s] DEBUG:colcon.colcon_core.event_handler.log_command:Invoked command in '/home/v120506/rmitbot_v4/lesson10_ws/build/rmitbot_navigation' returned '0': CMAKE_PREFIX_PATH=${CMAKE_PREFIX_PATH}:/opt/ros/jazzy DEBUGINFOD_URLS=https://debuginfod.ubuntu.com /usr/bin/cmake --install /home/v120506/rmitbot_v4/lesson10_ws/build/rmitbot_navigation
[1.691s] Level 1:colcon.colcon_core.environment:checking '/home/v120506/rmitbot_v4/lesson10_ws/install/rmitbot_navigation/bin'
[1.691s] Level 1:colcon.colcon_core.environment:checking '/home/v120506/rmitbot_v4/lesson10_ws/install/rmitbot_navigation/lib/pkgconfig/rmitbot_navigation.pc'
[1.692s] Level 1:colcon.colcon_core.environment:checking '/home/v120506/rmitbot_v4/lesson10_ws/install/rmitbot_navigation/lib/python3.12/site-packages'
[1.692s] Level 1:colcon.colcon_core.environment:checking '/home/v120506/rmitbot_v4/lesson10_ws/install/rmitbot_navigation/bin'
[1.692s] INFO:colcon.colcon_core.shell:Creating package script '/home/v120506/rmitbot_v4/lesson10_ws/install/rmitbot_navigation/share/rmitbot_navigation/package.ps1'
[1.693s] INFO:colcon.colcon_core.shell:Creating package descriptor '/home/v120506/rmitbot_v4/lesson10_ws/install/rmitbot_navigation/share/rmitbot_navigation/package.dsv'
[1.694s] INFO:colcon.colcon_core.shell:Creating package script '/home/v120506/rmitbot_v4/lesson10_ws/install/rmitbot_navigation/share/rmitbot_navigation/package.sh'
[1.694s] INFO:colcon.colcon_core.shell:Creating package script '/home/v120506/rmitbot_v4/lesson10_ws/install/rmitbot_navigation/share/rmitbot_navigation/package.bash'
[1.695s] INFO:colcon.colcon_core.shell:Creating package script '/home/v120506/rmitbot_v4/lesson10_ws/install/rmitbot_navigation/share/rmitbot_navigation/package.zsh'
[1.695s] Level 1:colcon.colcon_core.environment:create_file_with_runtime_dependencies(/home/v120506/rmitbot_v4/lesson10_ws/install/rmitbot_navigation/share/colcon-core/packages/rmitbot_navigation)
[1.696s] Level 1:colcon.colcon_core.environment:create_environment_scripts_only(rmitbot_navigation)
[1.696s] Level 1:colcon.colcon_core.environment:checking '/home/v120506/rmitbot_v4/lesson10_ws/install/rmitbot_navigation' for CMake module files
[1.697s] Level 1:colcon.colcon_core.environment:checking '/home/v120506/rmitbot_v4/lesson10_ws/install/rmitbot_navigation' for CMake config files
[1.697s] Level 1:colcon.colcon_core.shell:create_environment_hook('rmitbot_navigation', 'cmake_prefix_path')
[1.697s] INFO:colcon.colcon_core.shell:Creating environment hook '/home/v120506/rmitbot_v4/lesson10_ws/install/rmitbot_navigation/share/rmitbot_navigation/hook/cmake_prefix_path.ps1'
[1.698s] INFO:colcon.colcon_core.shell:Creating environment descriptor '/home/v120506/rmitbot_v4/lesson10_ws/install/rmitbot_navigation/share/rmitbot_navigation/hook/cmake_prefix_path.dsv'
[1.698s] INFO:colcon.colcon_core.shell:Creating environment hook '/home/v120506/rmitbot_v4/lesson10_ws/install/rmitbot_navigation/share/rmitbot_navigation/hook/cmake_prefix_path.sh'
[1.699s] Level 1:colcon.colcon_core.environment:checking '/home/v120506/rmitbot_v4/lesson10_ws/install/rmitbot_navigation/bin'
[1.699s] Level 1:colcon.colcon_core.environment:checking '/home/v120506/rmitbot_v4/lesson10_ws/install/rmitbot_navigation/lib/pkgconfig/rmitbot_navigation.pc'
[1.700s] Level 1:colcon.colcon_core.environment:checking '/home/v120506/rmitbot_v4/lesson10_ws/install/rmitbot_navigation/lib/python3.12/site-packages'
[1.700s] Level 1:colcon.colcon_core.environment:checking '/home/v120506/rmitbot_v4/lesson10_ws/install/rmitbot_navigation/bin'
[1.700s] INFO:colcon.colcon_core.shell:Creating package script '/home/v120506/rmitbot_v4/lesson10_ws/install/rmitbot_navigation/share/rmitbot_navigation/package.ps1'
[1.701s] INFO:colcon.colcon_core.shell:Creating package descriptor '/home/v120506/rmitbot_v4/lesson10_ws/install/rmitbot_navigation/share/rmitbot_navigation/package.dsv'
[1.701s] INFO:colcon.colcon_core.shell:Creating package script '/home/v120506/rmitbot_v4/lesson10_ws/install/rmitbot_navigation/share/rmitbot_navigation/package.sh'
[1.702s] INFO:colcon.colcon_core.shell:Creating package script '/home/v120506/rmitbot_v4/lesson10_ws/install/rmitbot_navigation/share/rmitbot_navigation/package.bash'
[1.702s] INFO:colcon.colcon_core.shell:Creating package script '/home/v120506/rmitbot_v4/lesson10_ws/install/rmitbot_navigation/share/rmitbot_navigation/package.zsh'
[1.703s] Level 1:colcon.colcon_core.environment:create_file_with_runtime_dependencies(/home/v120506/rmitbot_v4/lesson10_ws/install/rmitbot_navigation/share/colcon-core/packages/rmitbot_navigation)
[1.703s] Level 1:colcon.colcon_core.environment:create_environment_scripts_only(rmitbot_mapping)
[1.703s] Level 1:colcon.colcon_core.environment:checking '/home/v120506/rmitbot_v4/lesson10_ws/install/rmitbot_mapping' for CMake module files
[1.705s] DEBUG:colcon.colcon_core.event_handler.log_command:Invoked command in '/home/v120506/rmitbot_v4/lesson10_ws/build/rmitbot_mapping' returned '0': CMAKE_PREFIX_PATH=${CMAKE_PREFIX_PATH}:/opt/ros/jazzy DEBUGINFOD_URLS=https://debuginfod.ubuntu.com /usr/bin/cmake --install /home/v120506/rmitbot_v4/lesson10_ws/build/rmitbot_mapping
[1.705s] Level 1:colcon.colcon_core.environment:checking '/home/v120506/rmitbot_v4/lesson10_ws/install/rmitbot_mapping' for CMake config files
[1.705s] Level 1:colcon.colcon_core.shell:create_environment_hook('rmitbot_mapping', 'cmake_prefix_path')
[1.706s] INFO:colcon.colcon_core.shell:Creating environment hook '/home/v120506/rmitbot_v4/lesson10_ws/install/rmitbot_mapping/share/rmitbot_mapping/hook/cmake_prefix_path.ps1'
[1.706s] INFO:colcon.colcon_core.shell:Creating environment descriptor '/home/v120506/rmitbot_v4/lesson10_ws/install/rmitbot_mapping/share/rmitbot_mapping/hook/cmake_prefix_path.dsv'
[1.707s] INFO:colcon.colcon_core.shell:Creating environment hook '/home/v120506/rmitbot_v4/lesson10_ws/install/rmitbot_mapping/share/rmitbot_mapping/hook/cmake_prefix_path.sh'
[1.708s] Level 1:colcon.colcon_core.environment:checking '/home/v120506/rmitbot_v4/lesson10_ws/install/rmitbot_mapping/bin'
[1.708s] Level 1:colcon.colcon_core.environment:checking '/home/v120506/rmitbot_v4/lesson10_ws/install/rmitbot_mapping/lib/pkgconfig/rmitbot_mapping.pc'
[1.708s] Level 1:colcon.colcon_core.environment:checking '/home/v120506/rmitbot_v4/lesson10_ws/install/rmitbot_mapping/lib/python3.12/site-packages'
[1.709s] Level 1:colcon.colcon_core.environment:checking '/home/v120506/rmitbot_v4/lesson10_ws/install/rmitbot_mapping/bin'
[1.710s] INFO:colcon.colcon_core.shell:Creating package script '/home/v120506/rmitbot_v4/lesson10_ws/install/rmitbot_mapping/share/rmitbot_mapping/package.ps1'
[1.711s] INFO:colcon.colcon_core.shell:Creating package descriptor '/home/v120506/rmitbot_v4/lesson10_ws/install/rmitbot_mapping/share/rmitbot_mapping/package.dsv'
[1.712s] INFO:colcon.colcon_core.shell:Creating package script '/home/v120506/rmitbot_v4/lesson10_ws/install/rmitbot_mapping/share/rmitbot_mapping/package.sh'
[1.712s] INFO:colcon.colcon_core.shell:Creating package script '/home/v120506/rmitbot_v4/lesson10_ws/install/rmitbot_mapping/share/rmitbot_mapping/package.bash'
[1.712s] INFO:colcon.colcon_core.shell:Creating package script '/home/v120506/rmitbot_v4/lesson10_ws/install/rmitbot_mapping/share/rmitbot_mapping/package.zsh'
[1.713s] Level 1:colcon.colcon_core.environment:create_file_with_runtime_dependencies(/home/v120506/rmitbot_v4/lesson10_ws/install/rmitbot_mapping/share/colcon-core/packages/rmitbot_mapping)
[1.714s] Level 1:colcon.colcon_core.environment:create_environment_scripts_only(rmitbot_mapping)
[1.714s] Level 1:colcon.colcon_core.environment:checking '/home/v120506/rmitbot_v4/lesson10_ws/install/rmitbot_mapping' for CMake module files
[1.715s] Level 1:colcon.colcon_core.environment:checking '/home/v120506/rmitbot_v4/lesson10_ws/install/rmitbot_mapping' for CMake config files
[1.715s] Level 1:colcon.colcon_core.shell:create_environment_hook('rmitbot_mapping', 'cmake_prefix_path')
[1.715s] INFO:colcon.colcon_core.shell:Creating environment hook '/home/v120506/rmitbot_v4/lesson10_ws/install/rmitbot_mapping/share/rmitbot_mapping/hook/cmake_prefix_path.ps1'
[1.716s] INFO:colcon.colcon_core.shell:Creating environment descriptor '/home/v120506/rmitbot_v4/lesson10_ws/install/rmitbot_mapping/share/rmitbot_mapping/hook/cmake_prefix_path.dsv'
[1.717s] INFO:colcon.colcon_core.shell:Creating environment hook '/home/v120506/rmitbot_v4/lesson10_ws/install/rmitbot_mapping/share/rmitbot_mapping/hook/cmake_prefix_path.sh'
[1.717s] Level 1:colcon.colcon_core.environment:checking '/home/v120506/rmitbot_v4/lesson10_ws/install/rmitbot_mapping/bin'
[1.717s] Level 1:colcon.colcon_core.environment:checking '/home/v120506/rmitbot_v4/lesson10_ws/install/rmitbot_mapping/lib/pkgconfig/rmitbot_mapping.pc'
[1.718s] Level 1:colcon.colcon_core.environment:checking '/home/v120506/rmitbot_v4/lesson10_ws/install/rmitbot_mapping/lib/python3.12/site-packages'
[1.718s] Level 1:colcon.colcon_core.environment:checking '/home/v120506/rmitbot_v4/lesson10_ws/install/rmitbot_mapping/bin'
[1.719s] INFO:colcon.colcon_core.shell:Creating package script '/home/v120506/rmitbot_v4/lesson10_ws/install/rmitbot_mapping/share/rmitbot_mapping/package.ps1'
[1.720s] INFO:colcon.colcon_core.shell:Creating package descriptor '/home/v120506/rmitbot_v4/lesson10_ws/install/rmitbot_mapping/share/rmitbot_mapping/package.dsv'
[1.720s] INFO:colcon.colcon_core.shell:Creating package script '/home/v120506/rmitbot_v4/lesson10_ws/install/rmitbot_mapping/share/rmitbot_mapping/package.sh'
[1.721s] INFO:colcon.colcon_core.shell:Creating package script '/home/v120506/rmitbot_v4/lesson10_ws/install/rmitbot_mapping/share/rmitbot_mapping/package.bash'
[1.721s] INFO:colcon.colcon_core.shell:Creating package script '/home/v120506/rmitbot_v4/lesson10_ws/install/rmitbot_mapping/share/rmitbot_mapping/package.zsh'
[1.722s] Level 1:colcon.colcon_core.environment:create_file_with_runtime_dependencies(/home/v120506/rmitbot_v4/lesson10_ws/install/rmitbot_mapping/share/colcon-core/packages/rmitbot_mapping)
[1.722s] Level 1:colcon.colcon_core.environment:create_environment_scripts_only(rmitbot_description)
[1.722s] Level 1:colcon.colcon_core.environment:checking '/home/v120506/rmitbot_v4/lesson10_ws/install/rmitbot_description' for CMake module files
[1.724s] DEBUG:colcon.colcon_core.event_handler.log_command:Invoked command in '/home/v120506/rmitbot_v4/lesson10_ws/build/rmitbot_description' returned '0': CMAKE_PREFIX_PATH=${CMAKE_PREFIX_PATH}:/opt/ros/jazzy DEBUGINFOD_URLS=https://debuginfod.ubuntu.com /usr/bin/cmake --install /home/v120506/rmitbot_v4/lesson10_ws/build/rmitbot_description
[1.724s] Level 1:colcon.colcon_core.environment:checking '/home/v120506/rmitbot_v4/lesson10_ws/install/rmitbot_description' for CMake config files
[1.724s] Level 1:colcon.colcon_core.shell:create_environment_hook('rmitbot_description', 'cmake_prefix_path')
[1.724s] INFO:colcon.colcon_core.shell:Creating environment hook '/home/v120506/rmitbot_v4/lesson10_ws/install/rmitbot_description/share/rmitbot_description/hook/cmake_prefix_path.ps1'
[1.725s] INFO:colcon.colcon_core.shell:Creating environment descriptor '/home/v120506/rmitbot_v4/lesson10_ws/install/rmitbot_description/share/rmitbot_description/hook/cmake_prefix_path.dsv'
[1.725s] INFO:colcon.colcon_core.shell:Creating environment hook '/home/v120506/rmitbot_v4/lesson10_ws/install/rmitbot_description/share/rmitbot_description/hook/cmake_prefix_path.sh'
[1.725s] Level 1:colcon.colcon_core.environment:checking '/home/v120506/rmitbot_v4/lesson10_ws/install/rmitbot_description/bin'
[1.726s] Level 1:colcon.colcon_core.environment:checking '/home/v120506/rmitbot_v4/lesson10_ws/install/rmitbot_description/lib/pkgconfig/rmitbot_description.pc'
[1.726s] Level 1:colcon.colcon_core.environment:checking '/home/v120506/rmitbot_v4/lesson10_ws/install/rmitbot_description/lib/python3.12/site-packages'
[1.726s] Level 1:colcon.colcon_core.environment:checking '/home/v120506/rmitbot_v4/lesson10_ws/install/rmitbot_description/bin'
[1.727s] INFO:colcon.colcon_core.shell:Creating package script '/home/v120506/rmitbot_v4/lesson10_ws/install/rmitbot_description/share/rmitbot_description/package.ps1'
[1.727s] INFO:colcon.colcon_core.shell:Creating package descriptor '/home/v120506/rmitbot_v4/lesson10_ws/install/rmitbot_description/share/rmitbot_description/package.dsv'
[1.728s] INFO:colcon.colcon_core.shell:Creating package script '/home/v120506/rmitbot_v4/lesson10_ws/install/rmitbot_description/share/rmitbot_description/package.sh'
[1.728s] INFO:colcon.colcon_core.shell:Creating package script '/home/v120506/rmitbot_v4/lesson10_ws/install/rmitbot_description/share/rmitbot_description/package.bash'
[1.728s] INFO:colcon.colcon_core.shell:Creating package script '/home/v120506/rmitbot_v4/lesson10_ws/install/rmitbot_description/share/rmitbot_description/package.zsh'
[1.729s] Level 1:colcon.colcon_core.environment:create_file_with_runtime_dependencies(/home/v120506/rmitbot_v4/lesson10_ws/install/rmitbot_description/share/colcon-core/packages/rmitbot_description)
[1.729s] Level 1:colcon.colcon_core.environment:create_environment_scripts_only(rmitbot_description)
[1.729s] Level 1:colcon.colcon_core.environment:checking '/home/v120506/rmitbot_v4/lesson10_ws/install/rmitbot_description' for CMake module files
[1.730s] Level 1:colcon.colcon_core.environment:checking '/home/v120506/rmitbot_v4/lesson10_ws/install/rmitbot_description' for CMake config files
[1.730s] Level 1:colcon.colcon_core.shell:create_environment_hook('rmitbot_description', 'cmake_prefix_path')
[1.730s] INFO:colcon.colcon_core.shell:Creating environment hook '/home/v120506/rmitbot_v4/lesson10_ws/install/rmitbot_description/share/rmitbot_description/hook/cmake_prefix_path.ps1'
[1.731s] INFO:colcon.colcon_core.shell:Creating environment descriptor '/home/v120506/rmitbot_v4/lesson10_ws/install/rmitbot_description/share/rmitbot_description/hook/cmake_prefix_path.dsv'
[1.731s] INFO:colcon.colcon_core.shell:Creating environment hook '/home/v120506/rmitbot_v4/lesson10_ws/install/rmitbot_description/share/rmitbot_description/hook/cmake_prefix_path.sh'
[1.732s] Level 1:colcon.colcon_core.environment:checking '/home/v120506/rmitbot_v4/lesson10_ws/install/rmitbot_description/bin'
[1.732s] Level 1:colcon.colcon_core.environment:checking '/home/v120506/rmitbot_v4/lesson10_ws/install/rmitbot_description/lib/pkgconfig/rmitbot_description.pc'
[1.733s] Level 1:colcon.colcon_core.environment:checking '/home/v120506/rmitbot_v4/lesson10_ws/install/rmitbot_description/lib/python3.12/site-packages'
[1.733s] Level 1:colcon.colcon_core.environment:checking '/home/v120506/rmitbot_v4/lesson10_ws/install/rmitbot_description/bin'
[1.733s] INFO:colcon.colcon_core.shell:Creating package script '/home/v120506/rmitbot_v4/lesson10_ws/install/rmitbot_description/share/rmitbot_description/package.ps1'
[1.734s] INFO:colcon.colcon_core.shell:Creating package descriptor '/home/v120506/rmitbot_v4/lesson10_ws/install/rmitbot_description/share/rmitbot_description/package.dsv'
[1.735s] INFO:colcon.colcon_core.shell:Creating package script '/home/v120506/rmitbot_v4/lesson10_ws/install/rmitbot_description/share/rmitbot_description/package.sh'
[1.736s] INFO:colcon.colcon_core.shell:Creating package script '/home/v120506/rmitbot_v4/lesson10_ws/install/rmitbot_description/share/rmitbot_description/package.bash'
[1.737s] INFO:colcon.colcon_core.shell:Creating package script '/home/v120506/rmitbot_v4/lesson10_ws/install/rmitbot_description/share/rmitbot_description/package.zsh'
[1.737s] Level 1:colcon.colcon_core.environment:create_file_with_runtime_dependencies(/home/v120506/rmitbot_v4/lesson10_ws/install/rmitbot_description/share/colcon-core/packages/rmitbot_description)
[1.738s] Level 1:colcon.colcon_core.environment:create_environment_scripts_only(rmitbot_bringup)
[1.739s] Level 1:colcon.colcon_core.environment:checking '/home/v120506/rmitbot_v4/lesson10_ws/install/rmitbot_bringup' for CMake module files
[1.739s] DEBUG:colcon.colcon_core.event_handler.log_command:Invoked command in '/home/v120506/rmitbot_v4/lesson10_ws/build/rmitbot_bringup' returned '0': CMAKE_PREFIX_PATH=${CMAKE_PREFIX_PATH}:/opt/ros/jazzy DEBUGINFOD_URLS=https://debuginfod.ubuntu.com /usr/bin/cmake --install /home/v120506/rmitbot_v4/lesson10_ws/build/rmitbot_bringup
[1.740s] Level 1:colcon.colcon_core.environment:checking '/home/v120506/rmitbot_v4/lesson10_ws/install/rmitbot_bringup' for CMake config files
[1.740s] Level 1:colcon.colcon_core.shell:create_environment_hook('rmitbot_bringup', 'cmake_prefix_path')
[1.740s] INFO:colcon.colcon_core.shell:Creating environment hook '/home/v120506/rmitbot_v4/lesson10_ws/install/rmitbot_bringup/share/rmitbot_bringup/hook/cmake_prefix_path.ps1'
[1.741s] INFO:colcon.colcon_core.shell:Creating environment descriptor '/home/v120506/rmitbot_v4/lesson10_ws/install/rmitbot_bringup/share/rmitbot_bringup/hook/cmake_prefix_path.dsv'
[1.742s] INFO:colcon.colcon_core.shell:Creating environment hook '/home/v120506/rmitbot_v4/lesson10_ws/install/rmitbot_bringup/share/rmitbot_bringup/hook/cmake_prefix_path.sh'
[1.743s] Level 1:colcon.colcon_core.environment:checking '/home/v120506/rmitbot_v4/lesson10_ws/install/rmitbot_bringup/bin'
[1.743s] Level 1:colcon.colcon_core.environment:checking '/home/v120506/rmitbot_v4/lesson10_ws/install/rmitbot_bringup/lib/pkgconfig/rmitbot_bringup.pc'
[1.743s] Level 1:colcon.colcon_core.environment:checking '/home/v120506/rmitbot_v4/lesson10_ws/install/rmitbot_bringup/lib/python3.12/site-packages'
[1.743s] Level 1:colcon.colcon_core.environment:checking '/home/v120506/rmitbot_v4/lesson10_ws/install/rmitbot_bringup/bin'
[1.744s] INFO:colcon.colcon_core.shell:Creating package script '/home/v120506/rmitbot_v4/lesson10_ws/install/rmitbot_bringup/share/rmitbot_bringup/package.ps1'
[1.745s] INFO:colcon.colcon_core.shell:Creating package descriptor '/home/v120506/rmitbot_v4/lesson10_ws/install/rmitbot_bringup/share/rmitbot_bringup/package.dsv'
[1.745s] INFO:colcon.colcon_core.shell:Creating package script '/home/v120506/rmitbot_v4/lesson10_ws/install/rmitbot_bringup/share/rmitbot_bringup/package.sh'
[1.746s] INFO:colcon.colcon_core.shell:Creating package script '/home/v120506/rmitbot_v4/lesson10_ws/install/rmitbot_bringup/share/rmitbot_bringup/package.bash'
[1.747s] INFO:colcon.colcon_core.shell:Creating package script '/home/v120506/rmitbot_v4/lesson10_ws/install/rmitbot_bringup/share/rmitbot_bringup/package.zsh'
[1.747s] Level 1:colcon.colcon_core.environment:create_file_with_runtime_dependencies(/home/v120506/rmitbot_v4/lesson10_ws/install/rmitbot_bringup/share/colcon-core/packages/rmitbot_bringup)
[1.748s] Level 1:colcon.colcon_core.environment:create_environment_scripts_only(rmitbot_bringup)
[1.748s] Level 1:colcon.colcon_core.environment:checking '/home/v120506/rmitbot_v4/lesson10_ws/install/rmitbot_bringup' for CMake module files
[1.749s] Level 1:colcon.colcon_core.environment:checking '/home/v120506/rmitbot_v4/lesson10_ws/install/rmitbot_bringup' for CMake config files
[1.749s] Level 1:colcon.colcon_core.shell:create_environment_hook('rmitbot_bringup', 'cmake_prefix_path')
[1.750s] INFO:colcon.colcon_core.shell:Creating environment hook '/home/v120506/rmitbot_v4/lesson10_ws/install/rmitbot_bringup/share/rmitbot_bringup/hook/cmake_prefix_path.ps1'
[1.750s] INFO:colcon.colcon_core.shell:Creating environment descriptor '/home/v120506/rmitbot_v4/lesson10_ws/install/rmitbot_bringup/share/rmitbot_bringup/hook/cmake_prefix_path.dsv'
[1.751s] INFO:colcon.colcon_core.shell:Creating environment hook '/home/v120506/rmitbot_v4/lesson10_ws/install/rmitbot_bringup/share/rmitbot_bringup/hook/cmake_prefix_path.sh'
[1.752s] Level 1:colcon.colcon_core.environment:checking '/home/v120506/rmitbot_v4/lesson10_ws/install/rmitbot_bringup/bin'
[1.752s] Level 1:colcon.colcon_core.environment:checking '/home/v120506/rmitbot_v4/lesson10_ws/install/rmitbot_bringup/lib/pkgconfig/rmitbot_bringup.pc'
[1.752s] Level 1:colcon.colcon_core.environment:checking '/home/v120506/rmitbot_v4/lesson10_ws/install/rmitbot_bringup/lib/python3.12/site-packages'
[1.752s] Level 1:colcon.colcon_core.environment:checking '/home/v120506/rmitbot_v4/lesson10_ws/install/rmitbot_bringup/bin'
[1.752s] INFO:colcon.colcon_core.shell:Creating package script '/home/v120506/rmitbot_v4/lesson10_ws/install/rmitbot_bringup/share/rmitbot_bringup/package.ps1'
[1.753s] INFO:colcon.colcon_core.shell:Creating package descriptor '/home/v120506/rmitbot_v4/lesson10_ws/install/rmitbot_bringup/share/rmitbot_bringup/package.dsv'
[1.753s] INFO:colcon.colcon_core.shell:Creating package script '/home/v120506/rmitbot_v4/lesson10_ws/install/rmitbot_bringup/share/rmitbot_bringup/package.sh'
[1.754s] INFO:colcon.colcon_core.shell:Creating package script '/home/v120506/rmitbot_v4/lesson10_ws/install/rmitbot_bringup/share/rmitbot_bringup/package.bash'
[1.754s] INFO:colcon.colcon_core.shell:Creating package script '/home/v120506/rmitbot_v4/lesson10_ws/install/rmitbot_bringup/share/rmitbot_bringup/package.zsh'
[1.754s] Level 1:colcon.colcon_core.environment:create_file_with_runtime_dependencies(/home/v120506/rmitbot_v4/lesson10_ws/install/rmitbot_bringup/share/colcon-core/packages/rmitbot_bringup)
[2.011s] DEBUG:colcon.colcon_core.event_handler.log_command:Invoked command in '/home/v120506/rmitbot_v4/lesson10_ws/build/rmitbot_localization' returned '0': CMAKE_PREFIX_PATH=${CMAKE_PREFIX_PATH}:/opt/ros/jazzy DEBUGINFOD_URLS=https://debuginfod.ubuntu.com /usr/bin/cmake /home/v120506/rmitbot_v4/lesson10_ws/src/rmitbot_localization -DCMAKE_INSTALL_PREFIX=/home/v120506/rmitbot_v4/lesson10_ws/install/rmitbot_localization
[2.012s] DEBUG:colcon.colcon_core.event_handler.log_command:Invoking command in '/home/v120506/rmitbot_v4/lesson10_ws/build/rmitbot_localization': CMAKE_PREFIX_PATH=${CMAKE_PREFIX_PATH}:/opt/ros/jazzy DEBUGINFOD_URLS=https://debuginfod.ubuntu.com /usr/bin/cmake --build /home/v120506/rmitbot_v4/lesson10_ws/build/rmitbot_localization -- -j8 -l8
[2.044s] DEBUG:colcon.colcon_core.event_handler.log_command:Invoked command in '/home/v120506/rmitbot_v4/lesson10_ws/build/rmitbot_localization' returned '0': CMAKE_PREFIX_PATH=${CMAKE_PREFIX_PATH}:/opt/ros/jazzy DEBUGINFOD_URLS=https://debuginfod.ubuntu.com /usr/bin/cmake --build /home/v120506/rmitbot_v4/lesson10_ws/build/rmitbot_localization -- -j8 -l8
[2.045s] DEBUG:colcon.colcon_core.event_handler.log_command:Invoking command in '/home/v120506/rmitbot_v4/lesson10_ws/build/rmitbot_localization': CMAKE_PREFIX_PATH=${CMAKE_PREFIX_PATH}:/opt/ros/jazzy DEBUGINFOD_URLS=https://debuginfod.ubuntu.com /usr/bin/cmake --install /home/v120506/rmitbot_v4/lesson10_ws/build/rmitbot_localization
[2.055s] Level 1:colcon.colcon_core.environment:create_environment_scripts_only(rmitbot_localization)
[2.055s] Level 1:colcon.colcon_core.environment:checking '/home/v120506/rmitbot_v4/lesson10_ws/install/rmitbot_localization' for CMake module files
[2.055s] DEBUG:colcon.colcon_core.event_handler.log_command:Invoked command in '/home/v120506/rmitbot_v4/lesson10_ws/build/rmitbot_localization' returned '0': CMAKE_PREFIX_PATH=${CMAKE_PREFIX_PATH}:/opt/ros/jazzy DEBUGINFOD_URLS=https://debuginfod.ubuntu.com /usr/bin/cmake --install /home/v120506/rmitbot_v4/lesson10_ws/build/rmitbot_localization
[2.055s] Level 1:colcon.colcon_core.environment:checking '/home/v120506/rmitbot_v4/lesson10_ws/install/rmitbot_localization' for CMake config files
[2.056s] Level 1:colcon.colcon_core.shell:create_environment_hook('rmitbot_localization', 'cmake_prefix_path')
[2.056s] INFO:colcon.colcon_core.shell:Creating environment hook '/home/v120506/rmitbot_v4/lesson10_ws/install/rmitbot_localization/share/rmitbot_localization/hook/cmake_prefix_path.ps1'
[2.056s] INFO:colcon.colcon_core.shell:Creating environment descriptor '/home/v120506/rmitbot_v4/lesson10_ws/install/rmitbot_localization/share/rmitbot_localization/hook/cmake_prefix_path.dsv'
[2.056s] INFO:colcon.colcon_core.shell:Creating environment hook '/home/v120506/rmitbot_v4/lesson10_ws/install/rmitbot_localization/share/rmitbot_localization/hook/cmake_prefix_path.sh'
[2.057s] Level 1:colcon.colcon_core.environment:checking '/home/v120506/rmitbot_v4/lesson10_ws/install/rmitbot_localization/bin'
[2.057s] Level 1:colcon.colcon_core.environment:checking '/home/v120506/rmitbot_v4/lesson10_ws/install/rmitbot_localization/lib/pkgconfig/rmitbot_localization.pc'
[2.057s] Level 1:colcon.colcon_core.environment:checking '/home/v120506/rmitbot_v4/lesson10_ws/install/rmitbot_localization/lib/python3.12/site-packages'
[2.057s] Level 1:colcon.colcon_core.environment:checking '/home/v120506/rmitbot_v4/lesson10_ws/install/rmitbot_localization/bin'
[2.057s] INFO:colcon.colcon_core.shell:Creating package script '/home/v120506/rmitbot_v4/lesson10_ws/install/rmitbot_localization/share/rmitbot_localization/package.ps1'
[2.057s] INFO:colcon.colcon_core.shell:Creating package descriptor '/home/v120506/rmitbot_v4/lesson10_ws/install/rmitbot_localization/share/rmitbot_localization/package.dsv'
[2.058s] INFO:colcon.colcon_core.shell:Creating package script '/home/v120506/rmitbot_v4/lesson10_ws/install/rmitbot_localization/share/rmitbot_localization/package.sh'
[2.058s] INFO:colcon.colcon_core.shell:Creating package script '/home/v120506/rmitbot_v4/lesson10_ws/install/rmitbot_localization/share/rmitbot_localization/package.bash'
[2.058s] INFO:colcon.colcon_core.shell:Creating package script '/home/v120506/rmitbot_v4/lesson10_ws/install/rmitbot_localization/share/rmitbot_localization/package.zsh'
[2.058s] Level 1:colcon.colcon_core.environment:create_file_with_runtime_dependencies(/home/v120506/rmitbot_v4/lesson10_ws/install/rmitbot_localization/share/colcon-core/packages/rmitbot_localization)
[2.059s] Level 1:colcon.colcon_core.environment:create_environment_scripts_only(rmitbot_localization)
[2.059s] Level 1:colcon.colcon_core.environment:checking '/home/v120506/rmitbot_v4/lesson10_ws/install/rmitbot_localization' for CMake module files
[2.059s] Level 1:colcon.colcon_core.environment:checking '/home/v120506/rmitbot_v4/lesson10_ws/install/rmitbot_localization' for CMake config files
[2.059s] Level 1:colcon.colcon_core.shell:create_environment_hook('rmitbot_localization', 'cmake_prefix_path')
[2.059s] INFO:colcon.colcon_core.shell:Creating environment hook '/home/v120506/rmitbot_v4/lesson10_ws/install/rmitbot_localization/share/rmitbot_localization/hook/cmake_prefix_path.ps1'
[2.059s] INFO:colcon.colcon_core.shell:Creating environment descriptor '/home/v120506/rmitbot_v4/lesson10_ws/install/rmitbot_localization/share/rmitbot_localization/hook/cmake_prefix_path.dsv'
[2.060s] INFO:colcon.colcon_core.shell:Creating environment hook '/home/v120506/rmitbot_v4/lesson10_ws/install/rmitbot_localization/share/rmitbot_localization/hook/cmake_prefix_path.sh'
[2.060s] Level 1:colcon.colcon_core.environment:checking '/home/v120506/rmitbot_v4/lesson10_ws/install/rmitbot_localization/bin'
[2.060s] Level 1:colcon.colcon_core.environment:checking '/home/v120506/rmitbot_v4/lesson10_ws/install/rmitbot_localization/lib/pkgconfig/rmitbot_localization.pc'
[2.060s] Level 1:colcon.colcon_core.environment:checking '/home/v120506/rmitbot_v4/lesson10_ws/install/rmitbot_localization/lib/python3.12/site-packages'
[2.060s] Level 1:colcon.colcon_core.environment:checking '/home/v120506/rmitbot_v4/lesson10_ws/install/rmitbot_localization/bin'
[2.061s] INFO:colcon.colcon_core.shell:Creating package script '/home/v120506/rmitbot_v4/lesson10_ws/install/rmitbot_localization/share/rmitbot_localization/package.ps1'
[2.061s] INFO:colcon.colcon_core.shell:Creating package descriptor '/home/v120506/rmitbot_v4/lesson10_ws/install/rmitbot_localization/share/rmitbot_localization/package.dsv'
[2.061s] INFO:colcon.colcon_core.shell:Creating package script '/home/v120506/rmitbot_v4/lesson10_ws/install/rmitbot_localization/share/rmitbot_localization/package.sh'
[2.062s] INFO:colcon.colcon_core.shell:Creating package script '/home/v120506/rmitbot_v4/lesson10_ws/install/rmitbot_localization/share/rmitbot_localization/package.bash'
[2.062s] INFO:colcon.colcon_core.shell:Creating package script '/home/v120506/rmitbot_v4/lesson10_ws/install/rmitbot_localization/share/rmitbot_localization/package.zsh'
[2.062s] Level 1:colcon.colcon_core.environment:create_file_with_runtime_dependencies(/home/v120506/rmitbot_v4/lesson10_ws/install/rmitbot_localization/share/colcon-core/packages/rmitbot_localization)
[2.689s] DEBUG:colcon.colcon_core.event_handler.log_command:Invoked command in '/home/v120506/rmitbot_v4/lesson10_ws/build/rmitbot_firmware' returned '0': CMAKE_PREFIX_PATH=${CMAKE_PREFIX_PATH}:/opt/ros/jazzy DEBUGINFOD_URLS=https://debuginfod.ubuntu.com /usr/bin/cmake /home/v120506/rmitbot_v4/lesson10_ws/src/rmitbot_firmware -DCMAKE_INSTALL_PREFIX=/home/v120506/rmitbot_v4/lesson10_ws/install/rmitbot_firmware
[2.690s] DEBUG:colcon.colcon_core.event_handler.log_command:Invoking command in '/home/v120506/rmitbot_v4/lesson10_ws/build/rmitbot_firmware': CMAKE_PREFIX_PATH=${CMAKE_PREFIX_PATH}:/opt/ros/jazzy DEBUGINFOD_URLS=https://debuginfod.ubuntu.com /usr/bin/cmake --build /home/v120506/rmitbot_v4/lesson10_ws/build/rmitbot_firmware -- -j8 -l8
[6.868s] DEBUG:colcon.colcon_core.event_handler.log_command:Invoked command in '/home/v120506/rmitbot_v4/lesson10_ws/build/rmitbot_firmware' returned '0': CMAKE_PREFIX_PATH=${CMAKE_PREFIX_PATH}:/opt/ros/jazzy DEBUGINFOD_URLS=https://debuginfod.ubuntu.com /usr/bin/cmake --build /home/v120506/rmitbot_v4/lesson10_ws/build/rmitbot_firmware -- -j8 -l8
[6.869s] DEBUG:colcon.colcon_core.event_handler.log_command:Invoking command in '/home/v120506/rmitbot_v4/lesson10_ws/build/rmitbot_firmware': CMAKE_PREFIX_PATH=${CMAKE_PREFIX_PATH}:/opt/ros/jazzy DEBUGINFOD_URLS=https://debuginfod.ubuntu.com /usr/bin/cmake --install /home/v120506/rmitbot_v4/lesson10_ws/build/rmitbot_firmware
[6.879s] Level 1:colcon.colcon_core.environment:create_environment_scripts_only(rmitbot_firmware)
[6.880s] Level 1:colcon.colcon_core.environment:checking '/home/v120506/rmitbot_v4/lesson10_ws/install/rmitbot_firmware' for CMake module files
[6.880s] DEBUG:colcon.colcon_core.event_handler.log_command:Invoked command in '/home/v120506/rmitbot_v4/lesson10_ws/build/rmitbot_firmware' returned '0': CMAKE_PREFIX_PATH=${CMAKE_PREFIX_PATH}:/opt/ros/jazzy DEBUGINFOD_URLS=https://debuginfod.ubuntu.com /usr/bin/cmake --install /home/v120506/rmitbot_v4/lesson10_ws/build/rmitbot_firmware
[6.880s] Level 1:colcon.colcon_core.environment:checking '/home/v120506/rmitbot_v4/lesson10_ws/install/rmitbot_firmware' for CMake config files
[6.880s] Level 1:colcon.colcon_core.shell:create_environment_hook('rmitbot_firmware', 'cmake_prefix_path')
[6.880s] INFO:colcon.colcon_core.shell:Creating environment hook '/home/v120506/rmitbot_v4/lesson10_ws/install/rmitbot_firmware/share/rmitbot_firmware/hook/cmake_prefix_path.ps1'
[6.881s] INFO:colcon.colcon_core.shell:Creating environment descriptor '/home/v120506/rmitbot_v4/lesson10_ws/install/rmitbot_firmware/share/rmitbot_firmware/hook/cmake_prefix_path.dsv'
[6.881s] INFO:colcon.colcon_core.shell:Creating environment hook '/home/v120506/rmitbot_v4/lesson10_ws/install/rmitbot_firmware/share/rmitbot_firmware/hook/cmake_prefix_path.sh'
[6.881s] Level 1:colcon.colcon_core.environment:checking '/home/v120506/rmitbot_v4/lesson10_ws/install/rmitbot_firmware/lib'
[6.881s] Level 1:colcon.colcon_core.shell:create_environment_hook('rmitbot_firmware', 'ld_library_path_lib')
[6.882s] INFO:colcon.colcon_core.shell:Creating environment hook '/home/v120506/rmitbot_v4/lesson10_ws/install/rmitbot_firmware/share/rmitbot_firmware/hook/ld_library_path_lib.ps1'
[6.882s] INFO:colcon.colcon_core.shell:Creating environment descriptor '/home/v120506/rmitbot_v4/lesson10_ws/install/rmitbot_firmware/share/rmitbot_firmware/hook/ld_library_path_lib.dsv'
[6.882s] INFO:colcon.colcon_core.shell:Creating environment hook '/home/v120506/rmitbot_v4/lesson10_ws/install/rmitbot_firmware/share/rmitbot_firmware/hook/ld_library_path_lib.sh'
[6.882s] Level 1:colcon.colcon_core.environment:checking '/home/v120506/rmitbot_v4/lesson10_ws/install/rmitbot_firmware/bin'
[6.882s] Level 1:colcon.colcon_core.environment:checking '/home/v120506/rmitbot_v4/lesson10_ws/install/rmitbot_firmware/lib/pkgconfig/rmitbot_firmware.pc'
[6.882s] Level 1:colcon.colcon_core.environment:checking '/home/v120506/rmitbot_v4/lesson10_ws/install/rmitbot_firmware/lib/python3.12/site-packages'
[6.883s] Level 1:colcon.colcon_core.environment:checking '/home/v120506/rmitbot_v4/lesson10_ws/install/rmitbot_firmware/bin'
[6.883s] INFO:colcon.colcon_core.shell:Creating package script '/home/v120506/rmitbot_v4/lesson10_ws/install/rmitbot_firmware/share/rmitbot_firmware/package.ps1'
[6.883s] INFO:colcon.colcon_core.shell:Creating package descriptor '/home/v120506/rmitbot_v4/lesson10_ws/install/rmitbot_firmware/share/rmitbot_firmware/package.dsv'
[6.883s] INFO:colcon.colcon_core.shell:Creating package script '/home/v120506/rmitbot_v4/lesson10_ws/install/rmitbot_firmware/share/rmitbot_firmware/package.sh'
[6.884s] INFO:colcon.colcon_core.shell:Creating package script '/home/v120506/rmitbot_v4/lesson10_ws/install/rmitbot_firmware/share/rmitbot_firmware/package.bash'
[6.884s] INFO:colcon.colcon_core.shell:Creating package script '/home/v120506/rmitbot_v4/lesson10_ws/install/rmitbot_firmware/share/rmitbot_firmware/package.zsh'
[6.884s] Level 1:colcon.colcon_core.environment:create_file_with_runtime_dependencies(/home/v120506/rmitbot_v4/lesson10_ws/install/rmitbot_firmware/share/colcon-core/packages/rmitbot_firmware)
[6.884s] Level 1:colcon.colcon_core.environment:create_environment_scripts_only(rmitbot_firmware)
[6.884s] Level 1:colcon.colcon_core.environment:checking '/home/v120506/rmitbot_v4/lesson10_ws/install/rmitbot_firmware' for CMake module files
[6.885s] Level 1:colcon.colcon_core.environment:checking '/home/v120506/rmitbot_v4/lesson10_ws/install/rmitbot_firmware' for CMake config files
[6.885s] Level 1:colcon.colcon_core.shell:create_environment_hook('rmitbot_firmware', 'cmake_prefix_path')
[6.885s] INFO:colcon.colcon_core.shell:Creating environment hook '/home/v120506/rmitbot_v4/lesson10_ws/install/rmitbot_firmware/share/rmitbot_firmware/hook/cmake_prefix_path.ps1'
[6.885s] INFO:colcon.colcon_core.shell:Creating environment descriptor '/home/v120506/rmitbot_v4/lesson10_ws/install/rmitbot_firmware/share/rmitbot_firmware/hook/cmake_prefix_path.dsv'
[6.885s] INFO:colcon.colcon_core.shell:Creating environment hook '/home/v120506/rmitbot_v4/lesson10_ws/install/rmitbot_firmware/share/rmitbot_firmware/hook/cmake_prefix_path.sh'
[6.886s] Level 1:colcon.colcon_core.environment:checking '/home/v120506/rmitbot_v4/lesson10_ws/install/rmitbot_firmware/lib'
[6.886s] Level 1:colcon.colcon_core.shell:create_environment_hook('rmitbot_firmware', 'ld_library_path_lib')
[6.886s] INFO:colcon.colcon_core.shell:Creating environment hook '/home/v120506/rmitbot_v4/lesson10_ws/install/rmitbot_firmware/share/rmitbot_firmware/hook/ld_library_path_lib.ps1'
[6.886s] INFO:colcon.colcon_core.shell:Creating environment descriptor '/home/v120506/rmitbot_v4/lesson10_ws/install/rmitbot_firmware/share/rmitbot_firmware/hook/ld_library_path_lib.dsv'
[6.886s] INFO:colcon.colcon_core.shell:Creating environment hook '/home/v120506/rmitbot_v4/lesson10_ws/install/rmitbot_firmware/share/rmitbot_firmware/hook/ld_library_path_lib.sh'
[6.887s] Level 1:colcon.colcon_core.environment:checking '/home/v120506/rmitbot_v4/lesson10_ws/install/rmitbot_firmware/bin'
[6.887s] Level 1:colcon.colcon_core.environment:checking '/home/v120506/rmitbot_v4/lesson10_ws/install/rmitbot_firmware/lib/pkgconfig/rmitbot_firmware.pc'
[6.887s] Level 1:colcon.colcon_core.environment:checking '/home/v120506/rmitbot_v4/lesson10_ws/install/rmitbot_firmware/lib/python3.12/site-packages'
[6.887s] Level 1:colcon.colcon_core.environment:checking '/home/v120506/rmitbot_v4/lesson10_ws/install/rmitbot_firmware/bin'
[6.887s] INFO:colcon.colcon_core.shell:Creating package script '/home/v120506/rmitbot_v4/lesson10_ws/install/rmitbot_firmware/share/rmitbot_firmware/package.ps1'
[6.888s] INFO:colcon.colcon_core.shell:Creating package descriptor '/home/v120506/rmitbot_v4/lesson10_ws/install/rmitbot_firmware/share/rmitbot_firmware/package.dsv'
[6.888s] INFO:colcon.colcon_core.shell:Creating package script '/home/v120506/rmitbot_v4/lesson10_ws/install/rmitbot_firmware/share/rmitbot_firmware/package.sh'
[6.889s] INFO:colcon.colcon_core.shell:Creating package script '/home/v120506/rmitbot_v4/lesson10_ws/install/rmitbot_firmware/share/rmitbot_firmware/package.bash'
[6.889s] INFO:colcon.colcon_core.shell:Creating package script '/home/v120506/rmitbot_v4/lesson10_ws/install/rmitbot_firmware/share/rmitbot_firmware/package.zsh'
[6.889s] Level 1:colcon.colcon_core.environment:create_file_with_runtime_dependencies(/home/v120506/rmitbot_v4/lesson10_ws/install/rmitbot_firmware/share/colcon-core/packages/rmitbot_firmware)
[6.889s] DEBUG:colcon.colcon_parallel_executor.executor.parallel:closing loop
[6.890s] DEBUG:colcon.colcon_parallel_executor.executor.parallel:loop closed
[6.890s] DEBUG:colcon.colcon_parallel_executor.executor.parallel:run_until_complete finished with '0'
[6.890s] DEBUG:colcon.colcon_core.event_reactor:joining thread
[6.895s] INFO:colcon.colcon_core.plugin_system:Skipping extension 'colcon_notification.desktop_notification.terminal_notifier': Not used on non-Darwin systems
[6.895s] INFO:colcon.colcon_core.plugin_system:Skipping extension 'colcon_notification.desktop_notification.win32': Not used on non-Windows systems
[6.895s] INFO:colcon.colcon_notification.desktop_notification:Sending desktop notification using 'notify2'
[6.907s] DEBUG:colcon.colcon_core.event_reactor:joined thread
[6.907s] INFO:colcon.colcon_core.shell:Creating prefix script '/home/v120506/rmitbot_v4/lesson10_ws/install/local_setup.ps1'
[6.908s] INFO:colcon.colcon_core.shell:Creating prefix util module '/home/v120506/rmitbot_v4/lesson10_ws/install/_local_setup_util_ps1.py'
[6.909s] INFO:colcon.colcon_core.shell:Creating prefix chain script '/home/v120506/rmitbot_v4/lesson10_ws/install/setup.ps1'
[6.909s] INFO:colcon.colcon_core.shell:Creating prefix script '/home/v120506/rmitbot_v4/lesson10_ws/install/local_setup.sh'
[6.910s] INFO:colcon.colcon_core.shell:Creating prefix util module '/home/v120506/rmitbot_v4/lesson10_ws/install/_local_setup_util_sh.py'
[6.910s] INFO:colcon.colcon_core.shell:Creating prefix chain script '/home/v120506/rmitbot_v4/lesson10_ws/install/setup.sh'
[6.910s] INFO:colcon.colcon_core.shell:Creating prefix script '/home/v120506/rmitbot_v4/lesson10_ws/install/local_setup.bash'
[6.911s] INFO:colcon.colcon_core.shell:Creating prefix chain script '/home/v120506/rmitbot_v4/lesson10_ws/install/setup.bash'
[6.911s] INFO:colcon.colcon_core.shell:Creating prefix script '/home/v120506/rmitbot_v4/lesson10_ws/install/local_setup.zsh'
[6.912s] INFO:colcon.colcon_core.shell:Creating prefix chain script '/home/v120506/rmitbot_v4/lesson10_ws/install/setup.zsh'
