[0.021s] Invoking command in '/home/v120506/rmitbot_v4/lesson10_ws/build/rmitbot_description': CMAKE_PREFIX_PATH=${CMAKE_PREFIX_PATH}:/opt/ros/jazzy DEBUGINFOD_URLS=https://debuginfod.ubuntu.com /usr/bin/cmake /home/v120506/rmitbot_v4/lesson10_ws/src/rmitbot_description -DCMAKE_INSTALL_PREFIX=/home/v120506/rmitbot_v4/lesson10_ws/install/rmitbot_description
[0.156s] -- The C compiler identification is GNU 13.3.0
[0.287s] -- The CXX compiler identification is GNU 13.3.0
[0.317s] -- Detecting C compiler ABI info
[0.448s] -- Detecting C compiler ABI info - done
[0.469s] -- Check for working C compiler: /usr/bin/cc - skipped
[0.469s] -- Detecting C compile features
[0.469s] -- Detecting C compile features - done
[0.485s] -- Detecting CXX compiler ABI info
[0.642s] -- Detecting CXX compiler ABI info - done
[0.659s] -- Check for working CXX compiler: /usr/bin/c++ - skipped
[0.659s] -- Detecting CXX compile features
[0.660s] -- Detecting CXX compile features - done
[0.683s] -- Found ament_cmake: 2.5.4 (/opt/ros/jazzy/share/ament_cmake/cmake)
[0.926s] -- Found Python3: /usr/bin/python3 (found version "3.12.3") found components: Interpreter 
[1.305s] -- Configuring done (1.3s)
[1.312s] -- Generating done (0.0s)
[1.314s] -- Build files have been written to: /home/v120506/rmitbot_v4/lesson10_ws/build/rmitbot_description
[1.338s] Invoked command in '/home/v120506/rmitbot_v4/lesson10_ws/build/rmitbot_description' returned '0': CMAKE_PREFIX_PATH=${CMAKE_PREFIX_PATH}:/opt/ros/jazzy DEBUGINFOD_URLS=https://debuginfod.ubuntu.com /usr/bin/cmake /home/v120506/rmitbot_v4/lesson10_ws/src/rmitbot_description -DCMAKE_INSTALL_PREFIX=/home/v120506/rmitbot_v4/lesson10_ws/install/rmitbot_description
[1.339s] Invoking command in '/home/v120506/rmitbot_v4/lesson10_ws/build/rmitbot_description': CMAKE_PREFIX_PATH=${CMAKE_PREFIX_PATH}:/opt/ros/jazzy DEBUGINFOD_URLS=https://debuginfod.ubuntu.com /usr/bin/cmake --build /home/v120506/rmitbot_v4/lesson10_ws/build/rmitbot_description -- -j8 -l8
[1.430s] Invoked command in '/home/v120506/rmitbot_v4/lesson10_ws/build/rmitbot_description' returned '0': CMAKE_PREFIX_PATH=${CMAKE_PREFIX_PATH}:/opt/ros/jazzy DEBUGINFOD_URLS=https://debuginfod.ubuntu.com /usr/bin/cmake --build /home/v120506/rmitbot_v4/lesson10_ws/build/rmitbot_description -- -j8 -l8
[1.431s] Invoking command in '/home/v120506/rmitbot_v4/lesson10_ws/build/rmitbot_description': CMAKE_PREFIX_PATH=${CMAKE_PREFIX_PATH}:/opt/ros/jazzy DEBUGINFOD_URLS=https://debuginfod.ubuntu.com /usr/bin/cmake --install /home/v120506/rmitbot_v4/lesson10_ws/build/rmitbot_description
[1.442s] -- Install configuration: ""
[1.442s] -- Installing: /home/v120506/rmitbot_v4/lesson10_ws/install/rmitbot_description/share/rmitbot_description/meshes
[1.447s] -- Installing: /home/v120506/rmitbot_v4/lesson10_ws/install/rmitbot_description/share/rmitbot_description/meshes/base_link.STL
[1.466s] -- Installing: /home/v120506/rmitbot_v4/lesson10_ws/install/rmitbot_description/share/rmitbot_description/meshes/caster_front_link.STL
[1.466s] -- Installing: /home/v120506/rmitbot_v4/lesson10_ws/install/rmitbot_description/share/rmitbot_description/meshes/laser_link.STL
[1.467s] -- Installing: /home/v120506/rmitbot_v4/lesson10_ws/install/rmitbot_description/share/rmitbot_description/meshes/wheel_left_link.STL
[1.467s] -- Installing: /home/v120506/rmitbot_v4/lesson10_ws/install/rmitbot_description/share/rmitbot_description/meshes/wheel_right_link.STL
[1.467s] -- Installing: /home/v120506/rmitbot_v4/lesson10_ws/install/rmitbot_description/share/rmitbot_description/meshes/caster_rear_link.STL
[1.467s] -- Installing: /home/v120506/rmitbot_v4/lesson10_ws/install/rmitbot_description/share/rmitbot_description/meshes/imu_link.STL
[1.467s] -- Installing: /home/v120506/rmitbot_v4/lesson10_ws/install/rmitbot_description/share/rmitbot_description/urdf
[1.467s] -- Installing: /home/v120506/rmitbot_v4/lesson10_ws/install/rmitbot_description/share/rmitbot_description/urdf/rmitbot.urdf.xacro
[1.467s] -- Installing: /home/v120506/rmitbot_v4/lesson10_ws/install/rmitbot_description/share/rmitbot_description/urdf/rmitbot_imu.xacro
[1.467s] -- Installing: /home/v120506/rmitbot_v4/lesson10_ws/install/rmitbot_description/share/rmitbot_description/urdf/rmitbot_gazebo.xacro
[1.468s] -- Installing: /home/v120506/rmitbot_v4/lesson10_ws/install/rmitbot_description/share/rmitbot_description/urdf/rmitbot_laser.xacro
[1.468s] -- Installing: /home/v120506/rmitbot_v4/lesson10_ws/install/rmitbot_description/share/rmitbot_description/urdf/rmitbot_platform.xacro
[1.468s] -- Installing: /home/v120506/rmitbot_v4/lesson10_ws/install/rmitbot_description/share/rmitbot_description/urdf/rmitbot_ros2_control.xacro
[1.468s] -- Installing: /home/v120506/rmitbot_v4/lesson10_ws/install/rmitbot_description/share/rmitbot_description/launch
[1.468s] -- Installing: /home/v120506/rmitbot_v4/lesson10_ws/install/rmitbot_description/share/rmitbot_description/launch/gazebo.launch.py
[1.468s] -- Installing: /home/v120506/rmitbot_v4/lesson10_ws/install/rmitbot_description/share/rmitbot_description/launch/display.launch.py
[1.468s] -- Installing: /home/v120506/rmitbot_v4/lesson10_ws/install/rmitbot_description/share/rmitbot_description/rviz
[1.468s] -- Installing: /home/v120506/rmitbot_v4/lesson10_ws/install/rmitbot_description/share/rmitbot_description/rviz/display.rviz
[1.468s] -- Installing: /home/v120506/rmitbot_v4/lesson10_ws/install/rmitbot_description/share/ament_index/resource_index/package_run_dependencies/rmitbot_description
[1.469s] -- Installing: /home/v120506/rmitbot_v4/lesson10_ws/install/rmitbot_description/share/ament_index/resource_index/parent_prefix_path/rmitbot_description
[1.469s] -- Installing: /home/v120506/rmitbot_v4/lesson10_ws/install/rmitbot_description/share/rmitbot_description/environment/ament_prefix_path.sh
[1.469s] -- Installing: /home/v120506/rmitbot_v4/lesson10_ws/install/rmitbot_description/share/rmitbot_description/environment/ament_prefix_path.dsv
[1.470s] -- Installing: /home/v120506/rmitbot_v4/lesson10_ws/install/rmitbot_description/share/rmitbot_description/environment/path.sh
[1.470s] -- Installing: /home/v120506/rmitbot_v4/lesson10_ws/install/rmitbot_description/share/rmitbot_description/environment/path.dsv
[1.470s] -- Installing: /home/v120506/rmitbot_v4/lesson10_ws/install/rmitbot_description/share/rmitbot_description/local_setup.bash
[1.471s] -- Installing: /home/v120506/rmitbot_v4/lesson10_ws/install/rmitbot_description/share/rmitbot_description/local_setup.sh
[1.471s] -- Installing: /home/v120506/rmitbot_v4/lesson10_ws/install/rmitbot_description/share/rmitbot_description/local_setup.zsh
[1.471s] -- Installing: /home/v120506/rmitbot_v4/lesson10_ws/install/rmitbot_description/share/rmitbot_description/local_setup.dsv
[1.471s] -- Installing: /home/v120506/rmitbot_v4/lesson10_ws/install/rmitbot_description/share/rmitbot_description/package.dsv
[1.471s] -- Installing: /home/v120506/rmitbot_v4/lesson10_ws/install/rmitbot_description/share/ament_index/resource_index/packages/rmitbot_description
[1.471s] -- Installing: /home/v120506/rmitbot_v4/lesson10_ws/install/rmitbot_description/share/rmitbot_description/cmake/rmitbot_descriptionConfig.cmake
[1.471s] -- Installing: /home/v120506/rmitbot_v4/lesson10_ws/install/rmitbot_description/share/rmitbot_description/cmake/rmitbot_descriptionConfig-version.cmake
[1.471s] -- Installing: /home/v120506/rmitbot_v4/lesson10_ws/install/rmitbot_description/share/rmitbot_description/package.xml
[1.525s] Invoked command in '/home/v120506/rmitbot_v4/lesson10_ws/build/rmitbot_description' returned '0': CMAKE_PREFIX_PATH=${CMAKE_PREFIX_PATH}:/opt/ros/jazzy DEBUGINFOD_URLS=https://debuginfod.ubuntu.com /usr/bin/cmake --install /home/v120506/rmitbot_v4/lesson10_ws/build/rmitbot_description
