[0.025s] Invoking command in '/home/v120506/rmitbot_v4/lesson10_ws/build/rmitbot_bringup': CMAKE_PREFIX_PATH=${CMAKE_PREFIX_PATH}:/opt/ros/jazzy DEBUGINFOD_URLS=https://debuginfod.ubuntu.com /usr/bin/cmake /home/v120506/rmitbot_v4/lesson10_ws/src/rmitbot_bringup -DCMAKE_INSTALL_PREFIX=/home/v120506/rmitbot_v4/lesson10_ws/install/rmitbot_bringup
[0.160s] -- The C compiler identification is GNU 13.3.0
[0.299s] -- The CXX compiler identification is GNU 13.3.0
[0.323s] -- Detecting C compiler ABI info
[0.462s] -- Detecting C compiler ABI info - done
[0.483s] -- Check for working C compiler: /usr/bin/cc - skipped
[0.484s] -- Detecting C compile features
[0.487s] -- Detecting C compile features - done
[0.503s] -- Detecting CXX compiler ABI info
[0.652s] -- Detecting CXX compiler ABI info - done
[0.672s] -- Check for working CXX compiler: /usr/bin/c++ - skipped
[0.673s] -- Detecting CXX compile features
[0.673s] -- Detecting CXX compile features - done
[0.691s] -- Found ament_cmake: 2.5.4 (/opt/ros/jazzy/share/ament_cmake/cmake)
[0.940s] -- Found Python3: /usr/bin/python3 (found version "3.12.3") found components: Interpreter 
[1.326s] -- Configuring done (1.3s)
[1.333s] -- Generating done (0.0s)
[1.333s] -- Build files have been written to: /home/v120506/rmitbot_v4/lesson10_ws/build/rmitbot_bringup
[1.351s] Invoked command in '/home/v120506/rmitbot_v4/lesson10_ws/build/rmitbot_bringup' returned '0': CMAKE_PREFIX_PATH=${CMAKE_PREFIX_PATH}:/opt/ros/jazzy DEBUGINFOD_URLS=https://debuginfod.ubuntu.com /usr/bin/cmake /home/v120506/rmitbot_v4/lesson10_ws/src/rmitbot_bringup -DCMAKE_INSTALL_PREFIX=/home/v120506/rmitbot_v4/lesson10_ws/install/rmitbot_bringup
[1.357s] Invoking command in '/home/v120506/rmitbot_v4/lesson10_ws/build/rmitbot_bringup': CMAKE_PREFIX_PATH=${CMAKE_PREFIX_PATH}:/opt/ros/jazzy DEBUGINFOD_URLS=https://debuginfod.ubuntu.com /usr/bin/cmake --build /home/v120506/rmitbot_v4/lesson10_ws/build/rmitbot_bringup -- -j8 -l8
[1.440s] Invoked command in '/home/v120506/rmitbot_v4/lesson10_ws/build/rmitbot_bringup' returned '0': CMAKE_PREFIX_PATH=${CMAKE_PREFIX_PATH}:/opt/ros/jazzy DEBUGINFOD_URLS=https://debuginfod.ubuntu.com /usr/bin/cmake --build /home/v120506/rmitbot_v4/lesson10_ws/build/rmitbot_bringup -- -j8 -l8
[1.444s] Invoking command in '/home/v120506/rmitbot_v4/lesson10_ws/build/rmitbot_bringup': CMAKE_PREFIX_PATH=${CMAKE_PREFIX_PATH}:/opt/ros/jazzy DEBUGINFOD_URLS=https://debuginfod.ubuntu.com /usr/bin/cmake --install /home/v120506/rmitbot_v4/lesson10_ws/build/rmitbot_bringup
[1.468s] -- Install configuration: ""
[1.468s] -- Installing: /home/v120506/rmitbot_v4/lesson10_ws/install/rmitbot_bringup/share/rmitbot_bringup/launch
[1.468s] -- Installing: /home/v120506/rmitbot_v4/lesson10_ws/install/rmitbot_bringup/share/rmitbot_bringup/launch/rmitbot.launch.py
[1.469s] -- Installing: /home/v120506/rmitbot_v4/lesson10_ws/install/rmitbot_bringup/share/ament_index/resource_index/package_run_dependencies/rmitbot_bringup
[1.470s] -- Installing: /home/v120506/rmitbot_v4/lesson10_ws/install/rmitbot_bringup/share/ament_index/resource_index/parent_prefix_path/rmitbot_bringup
[1.470s] -- Installing: /home/v120506/rmitbot_v4/lesson10_ws/install/rmitbot_bringup/share/rmitbot_bringup/environment/ament_prefix_path.sh
[1.472s] -- Installing: /home/v120506/rmitbot_v4/lesson10_ws/install/rmitbot_bringup/share/rmitbot_bringup/environment/ament_prefix_path.dsv
[1.472s] -- Installing: /home/v120506/rmitbot_v4/lesson10_ws/install/rmitbot_bringup/share/rmitbot_bringup/environment/path.sh
[1.473s] -- Installing: /home/v120506/rmitbot_v4/lesson10_ws/install/rmitbot_bringup/share/rmitbot_bringup/environment/path.dsv
[1.473s] -- Installing: /home/v120506/rmitbot_v4/lesson10_ws/install/rmitbot_bringup/share/rmitbot_bringup/local_setup.bash
[1.473s] -- Installing: /home/v120506/rmitbot_v4/lesson10_ws/install/rmitbot_bringup/share/rmitbot_bringup/local_setup.sh
[1.473s] -- Installing: /home/v120506/rmitbot_v4/lesson10_ws/install/rmitbot_bringup/share/rmitbot_bringup/local_setup.zsh
[1.473s] -- Installing: /home/v120506/rmitbot_v4/lesson10_ws/install/rmitbot_bringup/share/rmitbot_bringup/local_setup.dsv
[1.473s] -- Installing: /home/v120506/rmitbot_v4/lesson10_ws/install/rmitbot_bringup/share/rmitbot_bringup/package.dsv
[1.473s] -- Installing: /home/v120506/rmitbot_v4/lesson10_ws/install/rmitbot_bringup/share/ament_index/resource_index/packages/rmitbot_bringup
[1.473s] -- Installing: /home/v120506/rmitbot_v4/lesson10_ws/install/rmitbot_bringup/share/rmitbot_bringup/cmake/rmitbot_bringupConfig.cmake
[1.474s] -- Installing: /home/v120506/rmitbot_v4/lesson10_ws/install/rmitbot_bringup/share/rmitbot_bringup/cmake/rmitbot_bringupConfig-version.cmake
[1.474s] -- Installing: /home/v120506/rmitbot_v4/lesson10_ws/install/rmitbot_bringup/share/rmitbot_bringup/package.xml
[1.548s] Invoked command in '/home/v120506/rmitbot_v4/lesson10_ws/build/rmitbot_bringup' returned '0': CMAKE_PREFIX_PATH=${CMAKE_PREFIX_PATH}:/opt/ros/jazzy DEBUGINFOD_URLS=https://debuginfod.ubuntu.com /usr/bin/cmake --install /home/v120506/rmitbot_v4/lesson10_ws/build/rmitbot_bringup
