[0.021s] Invoking command in '/home/v120506/rmitbot_v4/lesson10_ws/build/rmitbot_navigation': CMAKE_PREFIX_PATH=${CMAKE_PREFIX_PATH}:/opt/ros/jazzy DEBUGINFOD_URLS=https://debuginfod.ubuntu.com /usr/bin/cmake /home/v120506/rmitbot_v4/lesson10_ws/src/rmitbot_navigation -DCMAKE_INSTALL_PREFIX=/home/v120506/rmitbot_v4/lesson10_ws/install/rmitbot_navigation
[1.310s] -- The C compiler identification is GNU 13.3.0
[1.310s] -- The CXX compiler identification is GNU 13.3.0
[1.310s] -- Detecting C compiler ABI info
[1.310s] -- Detecting C compiler ABI info - done
[1.310s] -- Check for working C compiler: /usr/bin/cc - skipped
[1.311s] -- Detecting C compile features
[1.311s] -- Detecting C compile features - done
[1.311s] -- Detecting CXX compiler ABI info
[1.311s] -- Detecting CXX compiler ABI info - done
[1.311s] -- Check for working CXX compiler: /usr/bin/c++ - skipped
[1.311s] -- Detecting CXX compile features
[1.311s] -- Detecting CXX compile features - done
[1.311s] -- Found ament_cmake: 2.5.4 (/opt/ros/jazzy/share/ament_cmake/cmake)
[1.311s] -- Found Python3: /usr/bin/python3 (found version "3.12.3") found components: Interpreter 
[1.312s] -- Configuring done (1.3s)
[1.312s] -- Generating done (0.0s)
[1.312s] -- Build files have been written to: /home/v120506/rmitbot_v4/lesson10_ws/build/rmitbot_navigation
[1.314s] Invoked command in '/home/v120506/rmitbot_v4/lesson10_ws/build/rmitbot_navigation' returned '0': CMAKE_PREFIX_PATH=${CMAKE_PREFIX_PATH}:/opt/ros/jazzy DEBUGINFOD_URLS=https://debuginfod.ubuntu.com /usr/bin/cmake /home/v120506/rmitbot_v4/lesson10_ws/src/rmitbot_navigation -DCMAKE_INSTALL_PREFIX=/home/v120506/rmitbot_v4/lesson10_ws/install/rmitbot_navigation
[1.315s] Invoking command in '/home/v120506/rmitbot_v4/lesson10_ws/build/rmitbot_navigation': CMAKE_PREFIX_PATH=${CMAKE_PREFIX_PATH}:/opt/ros/jazzy DEBUGINFOD_URLS=https://debuginfod.ubuntu.com /usr/bin/cmake --build /home/v120506/rmitbot_v4/lesson10_ws/build/rmitbot_navigation -- -j8 -l8
[1.384s] Invoked command in '/home/v120506/rmitbot_v4/lesson10_ws/build/rmitbot_navigation' returned '0': CMAKE_PREFIX_PATH=${CMAKE_PREFIX_PATH}:/opt/ros/jazzy DEBUGINFOD_URLS=https://debuginfod.ubuntu.com /usr/bin/cmake --build /home/v120506/rmitbot_v4/lesson10_ws/build/rmitbot_navigation -- -j8 -l8
[1.398s] Invoking command in '/home/v120506/rmitbot_v4/lesson10_ws/build/rmitbot_navigation': CMAKE_PREFIX_PATH=${CMAKE_PREFIX_PATH}:/opt/ros/jazzy DEBUGINFOD_URLS=https://debuginfod.ubuntu.com /usr/bin/cmake --install /home/v120506/rmitbot_v4/lesson10_ws/build/rmitbot_navigation
[1.433s] -- Install configuration: ""
[1.433s] -- Installing: /home/v120506/rmitbot_v4/lesson10_ws/install/rmitbot_navigation/share/rmitbot_navigation/launch
[1.433s] -- Installing: /home/v120506/rmitbot_v4/lesson10_ws/install/rmitbot_navigation/share/rmitbot_navigation/launch/twistmux.launch.py
[1.435s] -- Installing: /home/v120506/rmitbot_v4/lesson10_ws/install/rmitbot_navigation/share/rmitbot_navigation/launch/nav.launch.py
[1.435s] -- Installing: /home/v120506/rmitbot_v4/lesson10_ws/install/rmitbot_navigation/share/rmitbot_navigation/config
[1.435s] -- Installing: /home/v120506/rmitbot_v4/lesson10_ws/install/rmitbot_navigation/share/rmitbot_navigation/config/nav2_params.yaml
[1.437s] -- Installing: /home/v120506/rmitbot_v4/lesson10_ws/install/rmitbot_navigation/share/rmitbot_navigation/config/twistmux.yaml
[1.437s] -- Installing: /home/v120506/rmitbot_v4/lesson10_ws/install/rmitbot_navigation/share/ament_index/resource_index/package_run_dependencies/rmitbot_navigation
[1.437s] -- Installing: /home/v120506/rmitbot_v4/lesson10_ws/install/rmitbot_navigation/share/ament_index/resource_index/parent_prefix_path/rmitbot_navigation
[1.437s] -- Installing: /home/v120506/rmitbot_v4/lesson10_ws/install/rmitbot_navigation/share/rmitbot_navigation/environment/ament_prefix_path.sh
[1.437s] -- Installing: /home/v120506/rmitbot_v4/lesson10_ws/install/rmitbot_navigation/share/rmitbot_navigation/environment/ament_prefix_path.dsv
[1.437s] -- Installing: /home/v120506/rmitbot_v4/lesson10_ws/install/rmitbot_navigation/share/rmitbot_navigation/environment/path.sh
[1.438s] -- Installing: /home/v120506/rmitbot_v4/lesson10_ws/install/rmitbot_navigation/share/rmitbot_navigation/environment/path.dsv
[1.438s] -- Installing: /home/v120506/rmitbot_v4/lesson10_ws/install/rmitbot_navigation/share/rmitbot_navigation/local_setup.bash
[1.441s] -- Installing: /home/v120506/rmitbot_v4/lesson10_ws/install/rmitbot_navigation/share/rmitbot_navigation/local_setup.sh
[1.442s] -- Installing: /home/v120506/rmitbot_v4/lesson10_ws/install/rmitbot_navigation/share/rmitbot_navigation/local_setup.zsh
[1.445s] -- Installing: /home/v120506/rmitbot_v4/lesson10_ws/install/rmitbot_navigation/share/rmitbot_navigation/local_setup.dsv
[1.445s] -- Installing: /home/v120506/rmitbot_v4/lesson10_ws/install/rmitbot_navigation/share/rmitbot_navigation/package.dsv
[1.445s] -- Installing: /home/v120506/rmitbot_v4/lesson10_ws/install/rmitbot_navigation/share/ament_index/resource_index/packages/rmitbot_navigation
[1.446s] -- Installing: /home/v120506/rmitbot_v4/lesson10_ws/install/rmitbot_navigation/share/rmitbot_navigation/cmake/rmitbot_navigationConfig.cmake
[1.446s] -- Installing: /home/v120506/rmitbot_v4/lesson10_ws/install/rmitbot_navigation/share/rmitbot_navigation/cmake/rmitbot_navigationConfig-version.cmake
[1.446s] -- Installing: /home/v120506/rmitbot_v4/lesson10_ws/install/rmitbot_navigation/share/rmitbot_navigation/package.xml
[1.479s] Invoked command in '/home/v120506/rmitbot_v4/lesson10_ws/build/rmitbot_navigation' returned '0': CMAKE_PREFIX_PATH=${CMAKE_PREFIX_PATH}:/opt/ros/jazzy DEBUGINFOD_URLS=https://debuginfod.ubuntu.com /usr/bin/cmake --install /home/v120506/rmitbot_v4/lesson10_ws/build/rmitbot_navigation
